2022-04-10 00:55:16: ---------------------dataset: BUPT-------------------------------------------------------------
2022-04-10 00:55:16: filterbanks: LP hidden: 1024 seed: 42 lr: 0.005 weight_decay: 0.0005 feat_drop: 0 attr_drop:0 self_loop:False hidden_channel:8
2022-04-10 00:55:17: Epoch 0: Train loss = 2.178307, Train acc = 21.80, Validation loss = 2.145344, Validation acc = 21.79 (0.836 sec)
2022-04-10 00:58:03: Epoch 100: Train loss = 0.201240, Train acc = 94.51, Validation loss = 0.232847, Validation acc = 93.77 (166.536 sec)
2022-04-10 01:00:50: Epoch 200: Train loss = 0.167890, Train acc = 95.02, Validation loss = 0.216827, Validation acc = 94.16 (166.756 sec)
2022-04-10 01:03:35: Epoch 300: Train loss = 0.194867, Train acc = 94.34, Validation loss = 0.248193, Validation acc = 93.30 (165.462 sec)
2022-04-10 01:06:21: Epoch 400: Train loss = 0.147030, Train acc = 95.53, Validation loss = 0.212935, Validation acc = 94.30 (165.701 sec)
2022-04-10 01:09:07: Epoch 500: Train loss = 0.141757, Train acc = 95.70, Validation loss = 0.215296, Validation acc = 94.28 (165.533 sec)
2022-04-10 01:11:52: Epoch 600: Train loss = 0.134931, Train acc = 95.79, Validation loss = 0.215427, Validation acc = 94.38 (165.527 sec)
2022-04-10 01:14:38: Epoch 700: Train loss = 0.300497, Train acc = 95.89, Validation loss = 0.359610, Validation acc = 94.28 (166.006 sec)
2022-04-10 01:17:24: Epoch 800: Train loss = 0.127228, Train acc = 96.09, Validation loss = 0.216958, Validation acc = 94.38 (165.571 sec)
2022-04-10 01:20:10: Epoch 900: Train loss = 0.164663, Train acc = 96.09, Validation loss = 0.248174, Validation acc = 94.43 (165.895 sec)
2022-04-10 01:22:55: Epoch 1000: Train loss = 0.140272, Train acc = 95.37, Validation loss = 0.236346, Validation acc = 93.64 (165.710 sec)
2022-04-10 01:25:41: Epoch 1100: Train loss = 0.119619, Train acc = 96.23, Validation loss = 0.220177, Validation acc = 94.38 (165.592 sec)
2022-04-10 01:28:26: Epoch 1200: Train loss = 0.125744, Train acc = 96.27, Validation loss = 0.226390, Validation acc = 94.48 (165.328 sec)
2022-04-10 01:31:12: Epoch 1300: Train loss = 0.115013, Train acc = 96.31, Validation loss = 0.221571, Validation acc = 94.40 (165.344 sec)
2022-04-10 01:33:57: Epoch 1400: Train loss = 0.125930, Train acc = 96.33, Validation loss = 0.237058, Validation acc = 94.32 (165.420 sec)
2022-04-10 01:36:43: Epoch 1500: Train loss = 0.113928, Train acc = 96.40, Validation loss = 0.223248, Validation acc = 94.20 (166.089 sec)
2022-04-10 01:39:28: Epoch 1600: Train loss = 0.110865, Train acc = 96.46, Validation loss = 0.222095, Validation acc = 94.41 (165.311 sec)
2022-04-10 01:42:14: Epoch 1700: Train loss = 0.112238, Train acc = 96.45, Validation loss = 0.223797, Validation acc = 94.48 (165.975 sec)
2022-04-10 01:45:01: Epoch 1800: Train loss = 0.109982, Train acc = 96.49, Validation loss = 0.224210, Validation acc = 94.47 (166.268 sec)
2022-04-10 01:47:48: Epoch 1900: Train loss = 0.109914, Train acc = 96.53, Validation loss = 0.225610, Validation acc = 94.30 (167.032 sec)
2022-04-10 01:50:33: Epoch 2000: Train loss = 0.124979, Train acc = 96.42, Validation loss = 0.236782, Validation acc = 94.41 (165.514 sec)
2022-04-10 01:53:19: Epoch 2100: Train loss = 0.107239, Train acc = 96.54, Validation loss = 0.224672, Validation acc = 94.35 (165.985 sec)
2022-04-10 01:56:05: Epoch 2200: Train loss = 0.106986, Train acc = 96.54, Validation loss = 0.225132, Validation acc = 94.40 (165.636 sec)
2022-04-10 01:58:50: Epoch 2300: Train loss = 0.106033, Train acc = 96.43, Validation loss = 0.223754, Validation acc = 94.36 (165.618 sec)
2022-04-10 02:01:36: Epoch 2400: Train loss = 0.103860, Train acc = 96.63, Validation loss = 0.224869, Validation acc = 94.39 (165.577 sec)
2022-04-10 02:04:21: Epoch 2500: Train loss = 0.106228, Train acc = 96.62, Validation loss = 0.224962, Validation acc = 94.35 (165.460 sec)
2022-04-10 02:07:07: Epoch 2600: Train loss = 0.103306, Train acc = 96.68, Validation loss = 0.225626, Validation acc = 94.37 (165.506 sec)
2022-04-10 02:09:53: Epoch 2700: Train loss = 0.101968, Train acc = 96.71, Validation loss = 0.224949, Validation acc = 94.38 (166.244 sec)
2022-04-10 02:12:39: Epoch 2800: Train loss = 0.148856, Train acc = 96.58, Validation loss = 0.260197, Validation acc = 94.22 (166.329 sec)
2022-04-10 02:15:25: Epoch 2900: Train loss = 0.102994, Train acc = 96.76, Validation loss = 0.225555, Validation acc = 94.39 (165.370 sec)
2022-04-10 02:18:11: Epoch 3000: Train loss = 0.104956, Train acc = 96.66, Validation loss = 0.228943, Validation acc = 94.35 (165.927 sec)
2022-04-10 02:20:56: Epoch 3100: Train loss = 0.101929, Train acc = 96.65, Validation loss = 0.226130, Validation acc = 94.40 (165.417 sec)
2022-04-10 02:22:06: best epoch: 1142, best val acc:94.5223， (5209.861 sec)
2022-04-10 02:22:06: train_loss in this epoch :0.118813, val_loss in this epoch :0.219715
2022-04-10 02:22:06: Test weighted F1: 94.03%   Test accuracy: 94.46%
2022-04-10 02:22:06: Report:
               precision    recall  f1-score   support

           0     0.9540    0.9861    0.9698     59928
           1     0.9069    0.8604    0.8831      5073
           2     0.8147    0.5188    0.6339      4830

    accuracy                         0.9446     69831
   macro avg     0.8919    0.7885    0.8289     69831
weighted avg     0.9410    0.9446    0.9403     69831

2022-04-10 02:22:13: ---------------------dataset: BUPT-------------------------------------------------------------
2022-04-10 02:22:13: filterbanks: LP hidden: 512 seed: 42 lr: 0.005 weight_decay: 0.0005 feat_drop: 0 attr_drop:0 self_loop:False hidden_channel:8
2022-04-10 02:22:14: Epoch 0: Train loss = 0.909730, Train acc = 60.58, Validation loss = 0.904483, Validation acc = 60.29 (0.883 sec)
2022-04-10 02:23:50: Epoch 100: Train loss = 0.189834, Train acc = 94.31, Validation loss = 0.229706, Validation acc = 93.64 (96.175 sec)
2022-04-10 02:25:26: Epoch 200: Train loss = 0.260322, Train acc = 93.53, Validation loss = 0.312370, Validation acc = 92.76 (95.885 sec)
2022-04-10 02:27:01: Epoch 300: Train loss = 0.165403, Train acc = 94.84, Validation loss = 0.225414, Validation acc = 93.84 (95.644 sec)
2022-04-10 02:28:37: Epoch 400: Train loss = 0.166272, Train acc = 95.32, Validation loss = 0.239124, Validation acc = 94.19 (95.720 sec)
2022-04-10 02:30:13: Epoch 500: Train loss = 0.152505, Train acc = 95.62, Validation loss = 0.221711, Validation acc = 94.28 (95.793 sec)
2022-04-10 02:31:48: Epoch 600: Train loss = 0.138616, Train acc = 95.76, Validation loss = 0.216290, Validation acc = 94.37 (95.553 sec)
2022-04-10 02:33:24: Epoch 700: Train loss = 0.134762, Train acc = 95.86, Validation loss = 0.216903, Validation acc = 94.41 (95.913 sec)
2022-04-10 02:35:00: Epoch 800: Train loss = 0.140156, Train acc = 95.86, Validation loss = 0.224777, Validation acc = 94.36 (95.675 sec)
2022-04-10 02:36:36: Epoch 900: Train loss = 0.156634, Train acc = 95.02, Validation loss = 0.247680, Validation acc = 93.37 (95.576 sec)
2022-04-10 02:38:11: Epoch 1000: Train loss = 0.132202, Train acc = 95.91, Validation loss = 0.224287, Validation acc = 94.39 (95.727 sec)
2022-04-10 02:39:47: Epoch 1100: Train loss = 0.129047, Train acc = 96.07, Validation loss = 0.224641, Validation acc = 94.35 (95.784 sec)
2022-04-10 02:41:23: Epoch 1200: Train loss = 0.123119, Train acc = 96.17, Validation loss = 0.221148, Validation acc = 94.40 (95.569 sec)
2022-04-10 02:42:58: Epoch 1300: Train loss = 0.132065, Train acc = 96.19, Validation loss = 0.232629, Validation acc = 94.29 (95.535 sec)
2022-04-10 02:44:34: Epoch 1400: Train loss = 0.127641, Train acc = 96.00, Validation loss = 0.225732, Validation acc = 94.12 (95.618 sec)
2022-04-10 02:46:09: Epoch 1500: Train loss = 0.118383, Train acc = 96.31, Validation loss = 0.223584, Validation acc = 94.36 (95.629 sec)
2022-04-10 02:47:45: Epoch 1600: Train loss = 0.159997, Train acc = 96.28, Validation loss = 0.257572, Validation acc = 94.33 (95.378 sec)
2022-04-10 02:49:20: Epoch 1700: Train loss = 0.120387, Train acc = 96.30, Validation loss = 0.226534, Validation acc = 94.37 (95.579 sec)
2022-04-10 02:50:56: Epoch 1800: Train loss = 0.115670, Train acc = 96.37, Validation loss = 0.225416, Validation acc = 94.37 (95.519 sec)
2022-04-10 02:52:31: Epoch 1900: Train loss = 0.114047, Train acc = 96.43, Validation loss = 0.226139, Validation acc = 94.35 (95.457 sec)
2022-04-10 02:54:07: Epoch 2000: Train loss = 0.113460, Train acc = 96.38, Validation loss = 0.226853, Validation acc = 94.36 (95.669 sec)
2022-04-10 02:55:42: Epoch 2100: Train loss = 0.112896, Train acc = 96.41, Validation loss = 0.226971, Validation acc = 94.37 (95.296 sec)
2022-04-10 02:57:18: Epoch 2200: Train loss = 0.111328, Train acc = 96.44, Validation loss = 0.226808, Validation acc = 94.36 (95.511 sec)
2022-04-10 02:58:54: Epoch 2300: Train loss = 0.124532, Train acc = 96.35, Validation loss = 0.234032, Validation acc = 94.37 (95.825 sec)
2022-04-10 03:00:29: Epoch 2400: Train loss = 0.270350, Train acc = 92.53, Validation loss = 0.377872, Validation acc = 90.49 (95.605 sec)
2022-04-10 03:02:05: Epoch 2500: Train loss = 0.170420, Train acc = 96.24, Validation loss = 0.272199, Validation acc = 94.32 (95.851 sec)
2022-04-10 03:03:41: Epoch 2600: Train loss = 0.133909, Train acc = 96.43, Validation loss = 0.244337, Validation acc = 94.39 (95.754 sec)
2022-04-10 03:05:16: Epoch 2700: Train loss = 0.127404, Train acc = 96.42, Validation loss = 0.234046, Validation acc = 94.39 (95.390 sec)
2022-04-10 03:06:52: Epoch 2800: Train loss = 0.110992, Train acc = 96.54, Validation loss = 0.224983, Validation acc = 94.30 (95.602 sec)
2022-04-10 03:08:28: Epoch 2900: Train loss = 0.135603, Train acc = 96.44, Validation loss = 0.242156, Validation acc = 94.18 (95.727 sec)
2022-04-10 03:09:29: best epoch: 964, best val acc:94.4750， (2835.884 sec)
2022-04-10 03:09:29: train_loss in this epoch :0.127803, val_loss in this epoch :0.219035
2022-04-10 03:09:29: Test weighted F1: 94.05%   Test accuracy: 94.48%
2022-04-10 03:09:29: Report:
               precision    recall  f1-score   support

           0     0.9540    0.9862    0.9699     59928
           1     0.9083    0.8575    0.8822      5073
           2     0.8165    0.5224    0.6371      4830

    accuracy                         0.9448     69831
   macro avg     0.8929    0.7887    0.8297     69831
weighted avg     0.9412    0.9448    0.9405     69831

2022-04-10 03:09:36: ---------------------dataset: BUPT-------------------------------------------------------------
2022-04-10 03:09:36: filterbanks: LP hidden: 256 seed: 42 lr: 0.005 weight_decay: 0.0005 feat_drop: 0 attr_drop:0 self_loop:False hidden_channel:8
2022-04-10 03:09:37: Epoch 0: Train loss = 0.883699, Train acc = 78.77, Validation loss = 0.821797, Validation acc = 79.06 (0.764 sec)
2022-04-10 03:10:38: Epoch 100: Train loss = 0.218308, Train acc = 94.27, Validation loss = 0.252685, Validation acc = 93.65 (61.411 sec)
2022-04-10 03:11:39: Epoch 200: Train loss = 0.163693, Train acc = 95.11, Validation loss = 0.217746, Validation acc = 94.21 (61.195 sec)
2022-04-10 03:12:41: Epoch 300: Train loss = 0.159062, Train acc = 95.19, Validation loss = 0.221587, Validation acc = 94.02 (61.341 sec)
2022-04-10 03:13:42: Epoch 400: Train loss = 0.147643, Train acc = 95.51, Validation loss = 0.217158, Validation acc = 94.31 (61.243 sec)
2022-04-10 03:14:43: Epoch 500: Train loss = 0.140297, Train acc = 95.69, Validation loss = 0.217283, Validation acc = 94.35 (61.010 sec)
2022-04-10 03:15:44: Epoch 600: Train loss = 0.146058, Train acc = 95.60, Validation loss = 0.229071, Validation acc = 94.15 (61.497 sec)
2022-04-10 03:16:46: Epoch 700: Train loss = 0.160417, Train acc = 95.73, Validation loss = 0.238786, Validation acc = 94.39 (61.519 sec)
2022-04-10 03:17:47: Epoch 800: Train loss = 0.132193, Train acc = 95.89, Validation loss = 0.217344, Validation acc = 94.35 (61.089 sec)
2022-04-10 03:18:48: Epoch 900: Train loss = 0.129343, Train acc = 95.91, Validation loss = 0.217659, Validation acc = 94.41 (61.082 sec)
2022-04-10 03:19:49: Epoch 1000: Train loss = 0.166276, Train acc = 95.83, Validation loss = 0.245525, Validation acc = 94.39 (60.898 sec)
2022-04-10 03:20:50: Epoch 1100: Train loss = 0.126749, Train acc = 96.01, Validation loss = 0.219129, Validation acc = 94.36 (61.200 sec)
2022-04-10 03:21:51: Epoch 1200: Train loss = 0.124743, Train acc = 96.06, Validation loss = 0.217935, Validation acc = 94.44 (61.424 sec)
2022-04-10 03:22:53: Epoch 1300: Train loss = 0.123585, Train acc = 96.09, Validation loss = 0.219660, Validation acc = 94.43 (61.038 sec)
2022-04-10 03:23:54: Epoch 1400: Train loss = 0.139238, Train acc = 96.01, Validation loss = 0.233471, Validation acc = 94.35 (61.575 sec)
2022-04-10 03:24:55: Epoch 1500: Train loss = 0.121744, Train acc = 96.11, Validation loss = 0.221083, Validation acc = 94.35 (61.215 sec)
2022-04-10 03:25:56: Epoch 1600: Train loss = 0.120758, Train acc = 96.14, Validation loss = 0.219249, Validation acc = 94.40 (60.900 sec)
2022-04-10 03:26:57: Epoch 1700: Train loss = 0.119458, Train acc = 96.19, Validation loss = 0.220123, Validation acc = 94.37 (61.232 sec)
2022-04-10 03:27:59: Epoch 1800: Train loss = 0.152170, Train acc = 96.17, Validation loss = 0.245931, Validation acc = 94.30 (61.617 sec)
2022-04-10 03:29:01: Epoch 1900: Train loss = 0.121801, Train acc = 96.14, Validation loss = 0.222883, Validation acc = 94.34 (61.465 sec)
2022-04-10 03:30:02: Epoch 2000: Train loss = 0.118116, Train acc = 96.24, Validation loss = 0.222326, Validation acc = 94.40 (61.131 sec)
2022-04-10 03:31:03: Epoch 2100: Train loss = 0.128069, Train acc = 96.03, Validation loss = 0.227162, Validation acc = 94.23 (61.262 sec)
2022-04-10 03:32:04: Epoch 2200: Train loss = 0.118839, Train acc = 96.22, Validation loss = 0.221035, Validation acc = 94.41 (60.986 sec)
2022-04-10 03:33:05: Epoch 2300: Train loss = 0.116977, Train acc = 96.25, Validation loss = 0.221753, Validation acc = 94.38 (61.201 sec)
2022-04-10 03:34:06: Epoch 2400: Train loss = 0.115730, Train acc = 96.27, Validation loss = 0.223337, Validation acc = 94.36 (60.941 sec)
2022-04-10 03:35:07: Epoch 2500: Train loss = 0.115312, Train acc = 96.31, Validation loss = 0.225471, Validation acc = 94.32 (61.125 sec)
2022-04-10 03:36:09: Epoch 2600: Train loss = 0.114613, Train acc = 96.32, Validation loss = 0.225674, Validation acc = 94.33 (61.404 sec)
2022-04-10 03:37:10: Epoch 2700: Train loss = 0.113636, Train acc = 96.30, Validation loss = 0.223549, Validation acc = 94.34 (61.350 sec)
2022-04-10 03:38:11: Epoch 2800: Train loss = 0.112834, Train acc = 96.41, Validation loss = 0.225799, Validation acc = 94.29 (61.158 sec)
2022-04-10 03:39:12: Epoch 2900: Train loss = 0.113337, Train acc = 96.42, Validation loss = 0.227064, Validation acc = 94.29 (61.330 sec)
2022-04-10 03:40:14: Epoch 3000: Train loss = 0.111803, Train acc = 96.40, Validation loss = 0.226055, Validation acc = 94.35 (61.276 sec)
2022-04-10 03:41:15: Epoch 3100: Train loss = 0.115311, Train acc = 96.34, Validation loss = 0.225026, Validation acc = 94.33 (61.133 sec)
2022-04-10 03:42:16: Epoch 3200: Train loss = 0.115067, Train acc = 96.37, Validation loss = 0.226791, Validation acc = 94.37 (61.275 sec)
2022-04-10 03:43:17: Epoch 3300: Train loss = 0.112893, Train acc = 96.38, Validation loss = 0.225735, Validation acc = 94.39 (61.285 sec)
2022-04-10 03:44:19: Epoch 3400: Train loss = 0.112549, Train acc = 96.43, Validation loss = 0.226613, Validation acc = 94.27 (61.291 sec)
2022-04-10 03:45:20: Epoch 3500: Train loss = 0.111259, Train acc = 96.41, Validation loss = 0.225129, Validation acc = 94.34 (61.312 sec)
2022-04-10 03:46:21: Epoch 3600: Train loss = 0.110612, Train acc = 96.41, Validation loss = 0.224242, Validation acc = 94.32 (61.140 sec)
2022-04-10 03:47:22: Epoch 3700: Train loss = 0.121360, Train acc = 96.25, Validation loss = 0.234008, Validation acc = 94.38 (61.298 sec)
2022-04-10 03:48:24: Epoch 3800: Train loss = 0.114374, Train acc = 96.34, Validation loss = 0.223610, Validation acc = 94.36 (61.092 sec)
2022-04-10 03:49:25: Epoch 3900: Train loss = 0.112159, Train acc = 96.38, Validation loss = 0.224234, Validation acc = 94.44 (61.359 sec)
2022-04-10 03:50:26: best epoch: 3948, best val acc:94.5051， (2450.114 sec)
2022-04-10 03:50:26: train_loss in this epoch :0.111503, val_loss in this epoch :0.223989
2022-04-10 03:50:26: Test weighted F1: 93.96%   Test accuracy: 94.34%
2022-04-10 03:50:26: Report:
               precision    recall  f1-score   support

           0     0.9557    0.9829    0.9691     59928
           1     0.8921    0.8669    0.8793      5073
           2     0.7892    0.5340    0.6369      4830

    accuracy                         0.9434     69831
   macro avg     0.8790    0.7946    0.8285     69831
weighted avg     0.9396    0.9434    0.9396     69831

2022-04-10 03:50:33: ---------------------dataset: BUPT-------------------------------------------------------------
2022-04-10 03:50:33: filterbanks: LP hidden: 128 seed: 42 lr: 0.005 weight_decay: 0.0005 feat_drop: 0 attr_drop:0 self_loop:False hidden_channel:8
2022-04-10 03:50:34: Epoch 0: Train loss = 2.692953, Train acc = 14.03, Validation loss = 2.629381, Validation acc = 13.99 (0.815 sec)
2022-04-10 03:51:19: Epoch 100: Train loss = 0.214353, Train acc = 93.54, Validation loss = 0.244639, Validation acc = 93.11 (45.245 sec)
2022-04-10 03:52:05: Epoch 200: Train loss = 0.192425, Train acc = 94.19, Validation loss = 0.231749, Validation acc = 93.57 (46.003 sec)
2022-04-10 03:52:52: Epoch 300: Train loss = 0.180064, Train acc = 94.66, Validation loss = 0.225638, Validation acc = 93.93 (46.320 sec)
2022-04-10 03:53:36: Epoch 400: Train loss = 0.171005, Train acc = 94.89, Validation loss = 0.221973, Validation acc = 94.11 (44.781 sec)
2022-04-10 03:54:20: Epoch 500: Train loss = 0.164156, Train acc = 95.03, Validation loss = 0.220054, Validation acc = 94.17 (44.041 sec)
2022-04-10 03:55:04: Epoch 600: Train loss = 0.158558, Train acc = 95.14, Validation loss = 0.218672, Validation acc = 94.26 (43.813 sec)
2022-04-10 03:55:48: Epoch 700: Train loss = 0.189927, Train acc = 94.14, Validation loss = 0.250075, Validation acc = 92.99 (43.834 sec)
2022-04-10 03:56:32: Epoch 800: Train loss = 0.152207, Train acc = 95.39, Validation loss = 0.217460, Validation acc = 94.30 (43.703 sec)
2022-04-10 03:57:16: Epoch 900: Train loss = 0.148609, Train acc = 95.42, Validation loss = 0.217575, Validation acc = 94.30 (44.489 sec)
2022-04-10 03:58:04: Epoch 1000: Train loss = 0.145793, Train acc = 95.48, Validation loss = 0.217079, Validation acc = 94.35 (47.854 sec)
2022-04-10 03:58:49: Epoch 1100: Train loss = 0.144028, Train acc = 95.53, Validation loss = 0.217382, Validation acc = 94.34 (44.570 sec)
2022-04-10 03:59:33: Epoch 1200: Train loss = 0.142247, Train acc = 95.54, Validation loss = 0.217027, Validation acc = 94.33 (43.956 sec)
2022-04-10 04:00:16: Epoch 1300: Train loss = 0.139425, Train acc = 95.63, Validation loss = 0.217706, Validation acc = 94.32 (43.783 sec)
2022-04-10 04:01:00: Epoch 1400: Train loss = 0.137539, Train acc = 95.76, Validation loss = 0.216665, Validation acc = 94.40 (43.937 sec)
2022-04-10 04:01:44: Epoch 1500: Train loss = 0.136168, Train acc = 95.82, Validation loss = 0.216698, Validation acc = 94.37 (43.803 sec)
2022-04-10 04:02:28: Epoch 1600: Train loss = 0.134557, Train acc = 95.87, Validation loss = 0.216744, Validation acc = 94.34 (43.812 sec)
2022-04-10 04:03:12: Epoch 1700: Train loss = 0.135285, Train acc = 95.85, Validation loss = 0.218689, Validation acc = 94.35 (44.415 sec)
2022-04-10 04:03:56: Epoch 1800: Train loss = 0.131756, Train acc = 95.91, Validation loss = 0.217222, Validation acc = 94.38 (43.940 sec)
2022-04-10 04:04:40: Epoch 1900: Train loss = 0.144115, Train acc = 95.76, Validation loss = 0.225864, Validation acc = 94.24 (43.793 sec)
2022-04-10 04:05:25: Epoch 2000: Train loss = 0.130330, Train acc = 96.00, Validation loss = 0.218069, Validation acc = 94.38 (45.083 sec)
2022-04-10 04:06:09: Epoch 2100: Train loss = 0.129171, Train acc = 95.99, Validation loss = 0.218326, Validation acc = 94.41 (43.722 sec)
2022-04-10 04:06:53: Epoch 2200: Train loss = 0.127448, Train acc = 96.05, Validation loss = 0.217439, Validation acc = 94.42 (44.296 sec)
2022-04-10 04:07:37: Epoch 2300: Train loss = 0.126341, Train acc = 96.10, Validation loss = 0.217662, Validation acc = 94.37 (44.023 sec)
2022-04-10 04:08:21: Epoch 2400: Train loss = 0.125493, Train acc = 96.09, Validation loss = 0.217381, Validation acc = 94.35 (43.904 sec)
2022-04-10 04:09:05: Epoch 2500: Train loss = 0.124564, Train acc = 96.18, Validation loss = 0.217650, Validation acc = 94.35 (43.521 sec)
2022-04-10 04:09:48: Epoch 2600: Train loss = 0.258453, Train acc = 94.35, Validation loss = 0.339422, Validation acc = 92.95 (43.472 sec)
2022-04-10 04:10:32: Epoch 2700: Train loss = 0.136020, Train acc = 95.86, Validation loss = 0.220637, Validation acc = 94.21 (43.663 sec)
2022-04-10 04:11:16: Epoch 2800: Train loss = 0.200841, Train acc = 95.95, Validation loss = 0.282164, Validation acc = 94.33 (43.737 sec)
2022-04-10 04:11:59: Epoch 2900: Train loss = 0.134230, Train acc = 96.05, Validation loss = 0.224598, Validation acc = 94.31 (43.575 sec)
2022-04-10 04:12:42: Epoch 3000: Train loss = 0.130214, Train acc = 96.07, Validation loss = 0.217712, Validation acc = 94.39 (43.299 sec)
2022-04-10 04:13:26: Epoch 3100: Train loss = 0.128344, Train acc = 96.10, Validation loss = 0.218051, Validation acc = 94.38 (43.860 sec)
2022-04-10 04:14:13: Epoch 3200: Train loss = 0.127748, Train acc = 96.12, Validation loss = 0.218777, Validation acc = 94.41 (46.439 sec)
2022-04-10 04:14:57: Epoch 3300: Train loss = 0.134952, Train acc = 96.00, Validation loss = 0.223662, Validation acc = 94.30 (43.865 sec)
2022-04-10 04:15:40: Epoch 3400: Train loss = 0.126503, Train acc = 96.09, Validation loss = 0.219550, Validation acc = 94.41 (43.551 sec)
2022-04-10 04:16:24: Epoch 3500: Train loss = 0.125420, Train acc = 96.17, Validation loss = 0.220166, Validation acc = 94.41 (43.705 sec)
2022-04-10 04:17:08: Epoch 3600: Train loss = 0.124527, Train acc = 96.17, Validation loss = 0.220685, Validation acc = 94.40 (43.767 sec)
2022-04-10 04:17:52: Epoch 3700: Train loss = 0.151451, Train acc = 95.82, Validation loss = 0.235280, Validation acc = 94.13 (44.001 sec)
2022-04-10 04:18:35: Epoch 3800: Train loss = 0.123941, Train acc = 96.18, Validation loss = 0.222580, Validation acc = 94.31 (43.458 sec)
2022-04-10 04:19:19: Epoch 3900: Train loss = 0.123057, Train acc = 96.17, Validation loss = 0.221971, Validation acc = 94.43 (43.643 sec)
2022-04-10 04:20:02: best epoch: 3215, best val acc:94.4664， (1768.899 sec)
2022-04-10 04:20:02: train_loss in this epoch :0.128752, val_loss in this epoch :0.219104
2022-04-10 04:20:02: Test weighted F1: 94.03%   Test accuracy: 94.45%
2022-04-10 04:20:02: Report:
               precision    recall  f1-score   support

           0     0.9549    0.9849    0.9697     59928
           1     0.8980    0.8677    0.8826      5073
           2     0.8120    0.5240    0.6370      4830

    accuracy                         0.9445     69831
   macro avg     0.8883    0.7922    0.8297     69831
weighted avg     0.9409    0.9445    0.9403     69831

2022-04-10 04:20:09: ---------------------dataset: BUPT-------------------------------------------------------------
2022-04-10 04:20:09: filterbanks: LP hidden: 64 seed: 42 lr: 0.005 weight_decay: 0.0005 feat_drop: 0 attr_drop:0 self_loop:False hidden_channel:8
2022-04-10 04:20:10: Epoch 0: Train loss = 1.963261, Train acc = 34.30, Validation loss = 1.967392, Validation acc = 34.57 (0.854 sec)
2022-04-10 04:20:46: Epoch 100: Train loss = 0.223257, Train acc = 93.39, Validation loss = 0.250392, Validation acc = 92.87 (35.527 sec)
2022-04-10 04:21:22: Epoch 200: Train loss = 0.193353, Train acc = 94.16, Validation loss = 0.232445, Validation acc = 93.52 (36.022 sec)
2022-04-10 04:21:57: Epoch 300: Train loss = 0.180076, Train acc = 94.55, Validation loss = 0.224971, Validation acc = 93.84 (35.814 sec)
2022-04-10 04:22:34: Epoch 400: Train loss = 0.171135, Train acc = 94.82, Validation loss = 0.220968, Validation acc = 94.08 (36.361 sec)
2022-04-10 04:23:09: Epoch 500: Train loss = 0.165612, Train acc = 95.02, Validation loss = 0.220012, Validation acc = 94.08 (35.728 sec)
2022-04-10 04:23:47: Epoch 600: Train loss = 0.160432, Train acc = 95.19, Validation loss = 0.217398, Validation acc = 94.20 (37.601 sec)
2022-04-10 04:24:25: Epoch 700: Train loss = 0.156717, Train acc = 95.18, Validation loss = 0.215921, Validation acc = 94.27 (37.597 sec)
2022-04-10 04:25:00: Epoch 800: Train loss = 0.156110, Train acc = 95.24, Validation loss = 0.217087, Validation acc = 94.23 (35.420 sec)
2022-04-10 04:25:35: Epoch 900: Train loss = 0.152093, Train acc = 95.30, Validation loss = 0.215289, Validation acc = 94.31 (35.224 sec)
2022-04-10 04:26:14: Epoch 1000: Train loss = 0.150066, Train acc = 95.37, Validation loss = 0.215594, Validation acc = 94.28 (38.457 sec)
2022-04-10 04:26:49: Epoch 1100: Train loss = 0.148458, Train acc = 95.42, Validation loss = 0.215248, Validation acc = 94.28 (35.412 sec)
2022-04-10 04:27:26: Epoch 1200: Train loss = 0.147119, Train acc = 95.42, Validation loss = 0.215207, Validation acc = 94.31 (36.866 sec)
2022-04-10 04:28:01: Epoch 1300: Train loss = 0.145863, Train acc = 95.49, Validation loss = 0.216394, Validation acc = 94.30 (35.421 sec)
2022-04-10 04:28:37: Epoch 1400: Train loss = 0.145319, Train acc = 95.44, Validation loss = 0.215829, Validation acc = 94.27 (35.334 sec)
2022-04-10 04:29:12: Epoch 1500: Train loss = 0.143568, Train acc = 95.48, Validation loss = 0.216287, Validation acc = 94.31 (35.426 sec)
2022-04-10 04:29:48: Epoch 1600: Train loss = 0.151121, Train acc = 95.47, Validation loss = 0.220253, Validation acc = 94.31 (35.303 sec)
2022-04-10 04:30:23: Epoch 1700: Train loss = 0.144329, Train acc = 95.57, Validation loss = 0.217340, Validation acc = 94.32 (35.277 sec)
2022-04-10 04:30:58: Epoch 1800: Train loss = 0.140507, Train acc = 95.58, Validation loss = 0.216302, Validation acc = 94.29 (35.103 sec)
2022-04-10 04:31:33: Epoch 1900: Train loss = 0.139556, Train acc = 95.69, Validation loss = 0.216805, Validation acc = 94.29 (35.015 sec)
2022-04-10 04:32:08: Epoch 2000: Train loss = 0.138796, Train acc = 95.72, Validation loss = 0.217070, Validation acc = 94.31 (35.554 sec)
2022-04-10 04:32:44: Epoch 2100: Train loss = 0.138165, Train acc = 95.59, Validation loss = 0.217539, Validation acc = 94.26 (35.299 sec)
2022-04-10 04:33:19: Epoch 2200: Train loss = 0.145625, Train acc = 95.56, Validation loss = 0.223369, Validation acc = 94.20 (35.317 sec)
2022-04-10 04:33:55: Epoch 2300: Train loss = 0.136306, Train acc = 95.73, Validation loss = 0.216849, Validation acc = 94.31 (35.569 sec)
2022-04-10 04:34:30: Epoch 2400: Train loss = 0.135335, Train acc = 95.75, Validation loss = 0.216834, Validation acc = 94.32 (35.216 sec)
2022-04-10 04:35:05: Epoch 2500: Train loss = 0.134881, Train acc = 95.75, Validation loss = 0.217017, Validation acc = 94.32 (35.131 sec)
2022-04-10 04:35:40: Epoch 2600: Train loss = 0.134111, Train acc = 95.77, Validation loss = 0.216933, Validation acc = 94.29 (35.305 sec)
2022-04-10 04:36:16: Epoch 2700: Train loss = 0.133362, Train acc = 95.84, Validation loss = 0.217463, Validation acc = 94.28 (35.437 sec)
2022-04-10 04:36:51: Epoch 2800: Train loss = 0.132788, Train acc = 95.85, Validation loss = 0.217663, Validation acc = 94.28 (35.197 sec)
2022-04-10 04:37:26: Epoch 2900: Train loss = 0.132509, Train acc = 95.85, Validation loss = 0.217060, Validation acc = 94.31 (35.453 sec)
2022-04-10 04:38:02: Epoch 3000: Train loss = 0.132019, Train acc = 95.86, Validation loss = 0.217960, Validation acc = 94.30 (35.514 sec)
2022-04-10 04:38:38: Epoch 3100: Train loss = 0.190768, Train acc = 95.31, Validation loss = 0.262775, Validation acc = 93.82 (36.032 sec)
2022-04-10 04:39:13: Epoch 3200: Train loss = 0.143354, Train acc = 95.64, Validation loss = 0.222346, Validation acc = 94.11 (35.356 sec)
2022-04-10 04:39:49: Epoch 3300: Train loss = 0.137279, Train acc = 95.76, Validation loss = 0.217298, Validation acc = 94.28 (35.251 sec)
2022-04-10 04:40:24: Epoch 3400: Train loss = 0.135986, Train acc = 95.79, Validation loss = 0.214594, Validation acc = 94.31 (35.271 sec)
2022-04-10 04:40:59: Epoch 3500: Train loss = 0.135183, Train acc = 95.84, Validation loss = 0.214592, Validation acc = 94.29 (35.098 sec)
2022-04-10 04:41:34: Epoch 3600: Train loss = 0.134525, Train acc = 95.85, Validation loss = 0.214854, Validation acc = 94.32 (35.261 sec)
2022-04-10 04:42:06: best epoch: 1683, best val acc:94.3891， (1316.532 sec)
2022-04-10 04:42:06: train_loss in this epoch :0.152964, val_loss in this epoch :0.223011
2022-04-10 04:42:06: Test weighted F1: 93.95%   Test accuracy: 94.35%
2022-04-10 04:42:06: Report:
               precision    recall  f1-score   support

           0     0.9542    0.9845    0.9691     59928
           1     0.9073    0.8547    0.8802      5073
           2     0.7923    0.5284    0.6340      4830

    accuracy                         0.9435     69831
   macro avg     0.8846    0.7892    0.8278     69831
weighted avg     0.9396    0.9435    0.9395     69831

2022-04-10 04:42:13: ---------------------dataset: BUPT-------------------------------------------------------------
2022-04-10 04:42:13: filterbanks: LP hidden: 32 seed: 42 lr: 0.005 weight_decay: 0.0005 feat_drop: 0 attr_drop:0 self_loop:False hidden_channel:8
2022-04-10 04:42:14: Epoch 0: Train loss = 2.619461, Train acc = 52.27, Validation loss = 2.461286, Validation acc = 52.18 (0.896 sec)
2022-04-10 04:42:47: Epoch 100: Train loss = 0.243480, Train acc = 92.83, Validation loss = 0.269501, Validation acc = 92.38 (33.370 sec)
2022-04-10 04:43:20: Epoch 200: Train loss = 0.212706, Train acc = 93.53, Validation loss = 0.242587, Validation acc = 93.08 (32.855 sec)
2022-04-10 04:43:54: Epoch 300: Train loss = 0.196794, Train acc = 93.89, Validation loss = 0.232269, Validation acc = 93.40 (34.216 sec)
2022-04-10 04:44:26: Epoch 400: Train loss = 0.185462, Train acc = 94.28, Validation loss = 0.222667, Validation acc = 93.55 (31.640 sec)
2022-04-10 04:44:58: Epoch 500: Train loss = 0.177376, Train acc = 94.54, Validation loss = 0.217027, Validation acc = 93.73 (31.783 sec)
2022-04-10 04:45:30: Epoch 600: Train loss = 0.172455, Train acc = 94.80, Validation loss = 0.216019, Validation acc = 93.74 (32.796 sec)
2022-04-10 04:46:02: Epoch 700: Train loss = 0.166510, Train acc = 94.93, Validation loss = 0.211871, Validation acc = 94.04 (31.467 sec)
2022-04-10 04:46:33: Epoch 800: Train loss = 0.164140, Train acc = 95.02, Validation loss = 0.211660, Validation acc = 94.12 (30.828 sec)
2022-04-10 04:47:05: Epoch 900: Train loss = 0.160162, Train acc = 95.15, Validation loss = 0.211561, Validation acc = 94.13 (32.109 sec)
2022-04-10 04:47:39: Epoch 1000: Train loss = 0.157744, Train acc = 95.23, Validation loss = 0.211653, Validation acc = 94.13 (34.480 sec)
2022-04-10 04:48:11: Epoch 1100: Train loss = 0.155612, Train acc = 95.31, Validation loss = 0.211750, Validation acc = 94.22 (31.682 sec)
2022-04-10 04:48:42: Epoch 1200: Train loss = 0.153966, Train acc = 95.34, Validation loss = 0.211571, Validation acc = 94.21 (31.520 sec)
2022-04-10 04:49:14: Epoch 1300: Train loss = 0.152399, Train acc = 95.43, Validation loss = 0.211806, Validation acc = 94.19 (31.250 sec)
2022-04-10 04:49:47: Epoch 1400: Train loss = 0.151449, Train acc = 95.39, Validation loss = 0.211601, Validation acc = 94.25 (33.242 sec)
2022-04-10 04:50:19: Epoch 1500: Train loss = 0.150178, Train acc = 95.46, Validation loss = 0.212432, Validation acc = 94.25 (31.925 sec)
2022-04-10 04:50:53: Epoch 1600: Train loss = 0.149712, Train acc = 95.43, Validation loss = 0.212787, Validation acc = 94.27 (34.079 sec)
2022-04-10 04:51:24: Epoch 1700: Train loss = 0.148456, Train acc = 95.46, Validation loss = 0.213110, Validation acc = 94.22 (31.395 sec)
2022-04-10 04:51:56: Epoch 1800: Train loss = 0.147979, Train acc = 95.48, Validation loss = 0.214091, Validation acc = 94.20 (31.731 sec)
2022-04-10 04:52:30: Epoch 1900: Train loss = 0.147194, Train acc = 95.49, Validation loss = 0.213862, Validation acc = 94.21 (33.719 sec)
2022-04-10 04:53:01: Epoch 2000: Train loss = 0.147585, Train acc = 95.43, Validation loss = 0.214161, Validation acc = 94.24 (31.566 sec)
2022-04-10 04:53:33: Epoch 2100: Train loss = 0.146215, Train acc = 95.50, Validation loss = 0.213728, Validation acc = 94.27 (31.365 sec)
2022-04-10 04:54:05: Epoch 2200: Train loss = 0.146091, Train acc = 95.48, Validation loss = 0.213731, Validation acc = 94.26 (31.822 sec)
2022-04-10 04:54:36: Epoch 2300: Train loss = 0.145484, Train acc = 95.58, Validation loss = 0.214002, Validation acc = 94.23 (31.363 sec)
2022-04-10 04:55:08: Epoch 2400: Train loss = 0.145029, Train acc = 95.54, Validation loss = 0.213609, Validation acc = 94.25 (32.158 sec)
2022-04-10 04:55:39: Epoch 2500: Train loss = 0.145503, Train acc = 95.49, Validation loss = 0.213790, Validation acc = 94.27 (31.138 sec)
2022-04-10 04:56:10: Epoch 2600: Train loss = 0.144679, Train acc = 95.52, Validation loss = 0.213963, Validation acc = 94.23 (31.169 sec)
2022-04-10 04:56:41: Epoch 2700: Train loss = 0.143929, Train acc = 95.54, Validation loss = 0.214235, Validation acc = 94.23 (30.800 sec)
2022-04-10 04:57:13: Epoch 2800: Train loss = 0.143706, Train acc = 95.52, Validation loss = 0.214540, Validation acc = 94.26 (31.432 sec)
2022-04-10 04:57:44: Epoch 2900: Train loss = 0.143418, Train acc = 95.60, Validation loss = 0.214786, Validation acc = 94.29 (31.377 sec)
2022-04-10 04:58:15: Epoch 3000: Train loss = 0.143285, Train acc = 95.60, Validation loss = 0.215202, Validation acc = 94.25 (31.482 sec)
2022-04-10 04:58:47: Epoch 3100: Train loss = 0.143097, Train acc = 95.56, Validation loss = 0.215229, Validation acc = 94.26 (31.605 sec)
2022-04-10 04:59:19: Epoch 3200: Train loss = 0.142983, Train acc = 95.65, Validation loss = 0.215679, Validation acc = 94.25 (31.932 sec)
2022-04-10 04:59:50: Epoch 3300: Train loss = 0.143116, Train acc = 95.52, Validation loss = 0.215224, Validation acc = 94.29 (31.247 sec)
2022-04-10 05:00:22: Epoch 3400: Train loss = 0.143263, Train acc = 95.52, Validation loss = 0.215388, Validation acc = 94.31 (31.749 sec)
2022-04-10 05:00:54: Epoch 3500: Train loss = 0.142886, Train acc = 95.67, Validation loss = 0.216608, Validation acc = 94.23 (31.577 sec)
2022-04-10 05:01:26: Epoch 3600: Train loss = 0.142700, Train acc = 95.70, Validation loss = 0.216254, Validation acc = 94.21 (32.206 sec)
2022-04-10 05:01:57: Epoch 3700: Train loss = 0.142262, Train acc = 95.70, Validation loss = 0.215831, Validation acc = 94.27 (31.565 sec)
2022-04-10 05:02:29: Epoch 3800: Train loss = 0.142399, Train acc = 95.56, Validation loss = 0.215100, Validation acc = 94.31 (31.214 sec)
2022-04-10 05:03:00: Epoch 3900: Train loss = 0.141888, Train acc = 95.68, Validation loss = 0.215800, Validation acc = 94.29 (31.552 sec)
2022-04-10 05:03:31: best epoch: 3744, best val acc:94.3633， (1278.236 sec)
2022-04-10 05:03:31: train_loss in this epoch :0.142413, val_loss in this epoch :0.215350
2022-04-10 05:03:31: Test weighted F1: 94.02%   Test accuracy: 94.42%
2022-04-10 05:03:31: Report:
               precision    recall  f1-score   support

           0     0.9547    0.9847    0.9695     59928
           1     0.9033    0.8579    0.8800      5073
           2     0.8026    0.5321    0.6399      4830

    accuracy                         0.9442     69831
   macro avg     0.8869    0.7915    0.8298     69831
weighted avg     0.9404    0.9442    0.9402     69831

2022-04-10 05:03:38: ---------------------dataset: BUPT-------------------------------------------------------------
2022-04-10 05:03:38: filterbanks: LP hidden: 8 seed: 42 lr: 0.005 weight_decay: 0.0005 feat_drop: 0 attr_drop:0 self_loop:False hidden_channel:8
2022-04-10 05:03:39: Epoch 0: Train loss = 1.163931, Train acc = 73.70, Validation loss = 1.135908, Validation acc = 74.04 (0.966 sec)
2022-04-10 05:04:11: Epoch 100: Train loss = 0.298813, Train acc = 90.75, Validation loss = 0.322136, Validation acc = 90.60 (32.503 sec)
2022-04-10 05:04:44: Epoch 200: Train loss = 0.255157, Train acc = 92.14, Validation loss = 0.282393, Validation acc = 91.87 (32.320 sec)
2022-04-10 05:05:16: Epoch 300: Train loss = 0.236052, Train acc = 92.76, Validation loss = 0.268417, Validation acc = 92.25 (32.068 sec)
2022-04-10 05:05:48: Epoch 400: Train loss = 0.223891, Train acc = 93.10, Validation loss = 0.259294, Validation acc = 92.59 (31.629 sec)
2022-04-10 05:06:19: Epoch 500: Train loss = 0.214828, Train acc = 93.33, Validation loss = 0.251061, Validation acc = 92.78 (31.823 sec)
2022-04-10 05:06:51: Epoch 600: Train loss = 0.208615, Train acc = 93.51, Validation loss = 0.244846, Validation acc = 92.94 (31.392 sec)
2022-04-10 05:07:22: Epoch 700: Train loss = 0.203516, Train acc = 93.60, Validation loss = 0.239919, Validation acc = 93.16 (31.658 sec)
2022-04-10 05:07:54: Epoch 800: Train loss = 0.197890, Train acc = 93.77, Validation loss = 0.234753, Validation acc = 93.25 (31.366 sec)
2022-04-10 05:08:25: Epoch 900: Train loss = 0.194304, Train acc = 93.99, Validation loss = 0.232058, Validation acc = 93.35 (30.891 sec)
2022-04-10 05:08:56: Epoch 1000: Train loss = 0.191669, Train acc = 93.96, Validation loss = 0.229507, Validation acc = 93.48 (31.401 sec)
2022-04-10 05:09:27: Epoch 1100: Train loss = 0.189586, Train acc = 94.05, Validation loss = 0.227372, Validation acc = 93.60 (31.273 sec)
2022-04-10 05:09:59: Epoch 1200: Train loss = 0.188025, Train acc = 94.11, Validation loss = 0.226431, Validation acc = 93.60 (31.602 sec)
2022-04-10 05:10:30: Epoch 1300: Train loss = 0.186830, Train acc = 94.11, Validation loss = 0.226280, Validation acc = 93.64 (31.061 sec)
2022-04-10 05:11:01: Epoch 1400: Train loss = 0.186336, Train acc = 94.15, Validation loss = 0.225101, Validation acc = 93.62 (30.947 sec)
2022-04-10 05:11:32: Epoch 1500: Train loss = 0.185300, Train acc = 94.14, Validation loss = 0.226372, Validation acc = 93.63 (30.669 sec)
2022-04-10 05:12:03: Epoch 1600: Train loss = 0.184862, Train acc = 94.15, Validation loss = 0.225953, Validation acc = 93.60 (30.911 sec)
2022-04-10 05:12:33: Epoch 1700: Train loss = 0.184241, Train acc = 94.17, Validation loss = 0.224599, Validation acc = 93.62 (30.497 sec)
2022-04-10 05:13:04: Epoch 1800: Train loss = 0.183687, Train acc = 94.18, Validation loss = 0.224841, Validation acc = 93.62 (30.678 sec)
2022-04-10 05:13:36: Epoch 1900: Train loss = 0.183229, Train acc = 94.17, Validation loss = 0.224840, Validation acc = 93.62 (32.650 sec)
2022-04-10 05:14:10: Epoch 2000: Train loss = 0.183021, Train acc = 94.20, Validation loss = 0.225239, Validation acc = 93.63 (33.425 sec)
2022-04-10 05:14:41: Epoch 2100: Train loss = 0.182747, Train acc = 94.23, Validation loss = 0.225613, Validation acc = 93.58 (30.839 sec)
2022-04-10 05:15:12: Epoch 2200: Train loss = 0.182480, Train acc = 94.21, Validation loss = 0.225336, Validation acc = 93.61 (30.964 sec)
2022-04-10 05:15:42: Epoch 2300: Train loss = 0.182243, Train acc = 94.22, Validation loss = 0.225844, Validation acc = 93.61 (30.638 sec)
2022-04-10 05:16:15: Epoch 2400: Train loss = 0.181959, Train acc = 94.24, Validation loss = 0.226035, Validation acc = 93.63 (32.627 sec)
2022-04-10 05:16:46: Epoch 2500: Train loss = 0.181851, Train acc = 94.23, Validation loss = 0.226097, Validation acc = 93.65 (31.248 sec)
2022-04-10 05:17:20: Epoch 2600: Train loss = 0.181916, Train acc = 94.22, Validation loss = 0.226003, Validation acc = 93.67 (33.530 sec)
2022-04-10 05:17:51: Epoch 2700: Train loss = 0.181788, Train acc = 94.24, Validation loss = 0.225739, Validation acc = 93.68 (30.956 sec)
2022-04-10 05:18:23: Epoch 2800: Train loss = 0.181981, Train acc = 94.22, Validation loss = 0.226760, Validation acc = 93.59 (32.171 sec)
2022-04-10 05:18:54: Epoch 2900: Train loss = 0.181548, Train acc = 94.25, Validation loss = 0.226196, Validation acc = 93.62 (30.820 sec)
2022-04-10 05:19:24: Epoch 3000: Train loss = 0.181410, Train acc = 94.24, Validation loss = 0.226050, Validation acc = 93.63 (30.844 sec)
2022-04-10 05:19:56: Epoch 3100: Train loss = 0.181366, Train acc = 94.26, Validation loss = 0.226116, Validation acc = 93.64 (31.686 sec)
2022-04-10 05:20:28: Epoch 3200: Train loss = 0.181518, Train acc = 94.28, Validation loss = 0.226073, Validation acc = 93.65 (31.448 sec)
2022-04-10 05:20:59: Epoch 3300: Train loss = 0.181456, Train acc = 94.28, Validation loss = 0.226558, Validation acc = 93.65 (31.634 sec)
2022-04-10 05:21:30: Epoch 3400: Train loss = 0.182316, Train acc = 94.25, Validation loss = 0.226230, Validation acc = 93.68 (30.622 sec)
2022-04-10 05:22:01: Epoch 3500: Train loss = 0.181499, Train acc = 94.27, Validation loss = 0.226101, Validation acc = 93.70 (31.140 sec)
2022-04-10 05:22:32: Epoch 3600: Train loss = 0.181295, Train acc = 94.26, Validation loss = 0.226245, Validation acc = 93.69 (31.576 sec)
2022-04-10 05:23:03: Epoch 3700: Train loss = 0.181370, Train acc = 94.28, Validation loss = 0.226358, Validation acc = 93.66 (30.722 sec)
2022-04-10 05:23:34: Epoch 3800: Train loss = 0.181352, Train acc = 94.25, Validation loss = 0.226745, Validation acc = 93.65 (31.136 sec)
2022-04-10 05:24:05: Epoch 3900: Train loss = 0.181344, Train acc = 94.26, Validation loss = 0.226816, Validation acc = 93.64 (30.909 sec)
2022-04-10 05:24:36: best epoch: 3482, best val acc:93.7146， (1257.833 sec)
2022-04-10 05:24:36: train_loss in this epoch :0.181601, val_loss in this epoch :0.225916
2022-04-10 05:24:36: Test weighted F1: 93.28%   Test accuracy: 93.83%
2022-04-10 05:24:36: Report:
               precision    recall  f1-score   support

           0     0.9473    0.9859    0.9662     59928
           1     0.8908    0.8086    0.8477      5073
           2     0.8181    0.4834    0.6078      4830

    accuracy                         0.9383     69831
   macro avg     0.8854    0.7593    0.8072     69831
weighted avg     0.9342    0.9383    0.9328     69831

2022-04-10 12:34:21: ---------------------dataset: BUPT-------------------------------------------------------------
2022-04-10 12:34:21: hidden: 32 seed: 42 lr: 0.005 weight_decay: 0.0006 epochs: 1000 feat_drop: 0 attr_drop:0 hidden_channel:8
2022-04-10 12:34:23: Epoch 0: Train loss = 1.119403, Train acc = 46.92, Validation loss = 1.118380, Validation acc = 47.04 (0.780 sec)
2022-04-10 12:35:56: Epoch 100: Train loss = 0.196485, Train acc = 93.86, Validation loss = 0.216662, Validation acc = 93.24 (93.389 sec)
2022-04-10 12:37:29: Epoch 200: Train loss = 0.161723, Train acc = 95.12, Validation loss = 0.204224, Validation acc = 93.92 (93.488 sec)
2022-04-10 12:39:03: Epoch 300: Train loss = 0.145130, Train acc = 95.52, Validation loss = 0.204914, Validation acc = 93.96 (93.294 sec)
2022-04-10 12:40:36: Epoch 400: Train loss = 0.133694, Train acc = 95.99, Validation loss = 0.211599, Validation acc = 93.94 (93.187 sec)
2022-04-10 12:42:07: Epoch 500: Train loss = 0.129979, Train acc = 96.02, Validation loss = 0.217039, Validation acc = 94.08 (91.493 sec)
2022-04-10 12:43:40: Epoch 600: Train loss = 0.120413, Train acc = 96.41, Validation loss = 0.221565, Validation acc = 93.96 (92.546 sec)
2022-04-10 12:45:12: Epoch 700: Train loss = 0.117562, Train acc = 96.52, Validation loss = 0.226086, Validation acc = 93.81 (91.651 sec)
2022-04-10 12:46:43: Epoch 800: Train loss = 0.116233, Train acc = 96.55, Validation loss = 0.224784, Validation acc = 94.01 (91.307 sec)
2022-04-10 12:48:15: Epoch 900: Train loss = 0.117520, Train acc = 96.37, Validation loss = 0.228184, Validation acc = 93.91 (91.902 sec)
2022-04-10 12:49:23: best epoch: 475, best val acc:94.1614， (901.544 sec)
2022-04-10 12:49:23: train_loss in this epoch :0.127642, val_loss in this epoch :0.214175
2022-04-10 12:49:24: Test weighted F1: 93.67%   Test accuracy: 94.08%
2022-04-10 12:49:24: Report:
               precision    recall  f1-score   support

           0     0.9536    0.9820    0.9676     59928
           1     0.8868    0.8526    0.8693      5073
           2     0.7786    0.5219    0.6249      4830

    accuracy                         0.9408     69831
   macro avg     0.8730    0.7855    0.8206     69831
weighted avg     0.9366    0.9408    0.9367     69831

2022-04-10 12:49:31: ---------------------dataset: BUPT-------------------------------------------------------------
2022-04-10 12:49:31: hidden: 32 seed: 42 lr: 0.005 weight_decay: 0.0007 epochs: 1000 feat_drop: 0 attr_drop:0 hidden_channel:8
2022-04-10 12:49:32: Epoch 0: Train loss = 1.119403, Train acc = 46.92, Validation loss = 1.118380, Validation acc = 47.04 (0.692 sec)
2022-04-10 12:51:06: Epoch 100: Train loss = 0.196990, Train acc = 93.81, Validation loss = 0.217562, Validation acc = 93.21 (93.604 sec)
2022-04-10 12:52:39: Epoch 200: Train loss = 0.162252, Train acc = 95.06, Validation loss = 0.204143, Validation acc = 93.92 (93.006 sec)
2022-04-10 12:54:12: Epoch 300: Train loss = 0.146968, Train acc = 95.64, Validation loss = 0.204696, Validation acc = 93.99 (92.884 sec)
2022-04-10 12:55:44: Epoch 400: Train loss = 0.139616, Train acc = 95.78, Validation loss = 0.206385, Validation acc = 94.09 (92.207 sec)
2022-04-10 12:57:15: Epoch 500: Train loss = 0.131038, Train acc = 96.08, Validation loss = 0.210316, Validation acc = 93.96 (91.692 sec)
2022-04-10 12:58:46: Epoch 600: Train loss = 0.128201, Train acc = 96.14, Validation loss = 0.213298, Validation acc = 93.98 (90.901 sec)
2022-04-10 13:00:17: Epoch 700: Train loss = 0.124646, Train acc = 96.26, Validation loss = 0.217457, Validation acc = 93.80 (90.685 sec)
2022-04-10 13:01:48: Epoch 800: Train loss = 0.123246, Train acc = 96.30, Validation loss = 0.218490, Validation acc = 93.81 (91.182 sec)
2022-04-10 13:03:19: Epoch 900: Train loss = 0.118532, Train acc = 96.44, Validation loss = 0.221095, Validation acc = 93.91 (90.664 sec)
2022-04-10 13:03:45: best epoch: 429, best val acc:94.1399， (853.799 sec)
2022-04-10 13:03:45: train_loss in this epoch :0.134881, val_loss in this epoch :0.207549
2022-04-10 13:03:46: Test weighted F1: 93.73%   Test accuracy: 94.12%
2022-04-10 13:03:46: Report:
               precision    recall  f1-score   support

           0     0.9539    0.9818    0.9677     59928
           1     0.8901    0.8514    0.8703      5073
           2     0.7773    0.5313    0.6312      4830

    accuracy                         0.9412     69831
   macro avg     0.8738    0.7881    0.8231     69831
weighted avg     0.9371    0.9412    0.9373     69831

2022-04-10 13:03:53: ---------------------dataset: BUPT-------------------------------------------------------------
2022-04-10 13:03:53: hidden: 32 seed: 42 lr: 0.005 weight_decay: 0.0008 epochs: 1000 feat_drop: 0 attr_drop:0 hidden_channel:8
2022-04-10 13:03:54: Epoch 0: Train loss = 1.119403, Train acc = 46.92, Validation loss = 1.118380, Validation acc = 47.04 (0.760 sec)
2022-04-10 13:05:29: Epoch 100: Train loss = 0.198161, Train acc = 93.80, Validation loss = 0.218456, Validation acc = 93.19 (94.885 sec)
2022-04-10 13:07:02: Epoch 200: Train loss = 0.164137, Train acc = 95.02, Validation loss = 0.204800, Validation acc = 93.84 (92.363 sec)
2022-04-10 13:08:32: Epoch 300: Train loss = 0.150528, Train acc = 95.45, Validation loss = 0.203771, Validation acc = 94.02 (90.667 sec)
2022-04-10 13:10:05: Epoch 400: Train loss = 0.142106, Train acc = 95.66, Validation loss = 0.208810, Validation acc = 93.99 (92.538 sec)
2022-04-10 13:11:36: Epoch 500: Train loss = 0.133160, Train acc = 96.05, Validation loss = 0.211921, Validation acc = 94.02 (91.064 sec)
2022-04-10 13:13:08: Epoch 600: Train loss = 0.131800, Train acc = 96.11, Validation loss = 0.209575, Validation acc = 94.12 (92.506 sec)
2022-04-10 13:14:40: Epoch 700: Train loss = 0.135242, Train acc = 95.73, Validation loss = 0.223015, Validation acc = 93.53 (91.808 sec)
2022-04-10 13:16:12: Epoch 800: Train loss = 0.126789, Train acc = 96.21, Validation loss = 0.216066, Validation acc = 94.11 (92.087 sec)
2022-04-10 13:17:45: Epoch 900: Train loss = 0.129969, Train acc = 96.12, Validation loss = 0.211373, Validation acc = 94.03 (92.617 sec)
2022-04-10 13:19:15: best epoch: 839, best val acc:94.2000， (921.534 sec)
2022-04-10 13:19:15: train_loss in this epoch :0.125928, val_loss in this epoch :0.213566
2022-04-10 13:19:16: Test weighted F1: 93.78%   Test accuracy: 94.21%
2022-04-10 13:19:16: Report:
               precision    recall  f1-score   support

           0     0.9534    0.9836    0.9683     59928
           1     0.8981    0.8569    0.8770      5073
           2     0.7881    0.5166    0.6241      4830

    accuracy                         0.9421     69831
   macro avg     0.8799    0.7857    0.8231     69831
weighted avg     0.9380    0.9421    0.9378     69831

2022-04-10 13:19:22: ---------------------dataset: BUPT-------------------------------------------------------------
2022-04-10 13:19:22: hidden: 32 seed: 42 lr: 0.005 weight_decay: 0.0009 epochs: 1000 feat_drop: 0 attr_drop:0 hidden_channel:8
2022-04-10 13:19:24: Epoch 0: Train loss = 1.119403, Train acc = 46.92, Validation loss = 1.118380, Validation acc = 47.04 (0.739 sec)
2022-04-10 13:20:57: Epoch 100: Train loss = 0.199395, Train acc = 93.74, Validation loss = 0.218596, Validation acc = 93.20 (93.173 sec)
2022-04-10 13:22:31: Epoch 200: Train loss = 0.165367, Train acc = 95.02, Validation loss = 0.202941, Validation acc = 93.92 (94.454 sec)
2022-04-10 13:24:03: Epoch 300: Train loss = 0.152507, Train acc = 95.46, Validation loss = 0.203395, Validation acc = 93.96 (91.588 sec)
2022-04-10 13:25:34: Epoch 400: Train loss = 0.147962, Train acc = 95.71, Validation loss = 0.204191, Validation acc = 94.12 (91.320 sec)
2022-04-10 13:27:07: Epoch 500: Train loss = 0.136726, Train acc = 95.93, Validation loss = 0.205461, Validation acc = 94.16 (92.427 sec)
2022-04-10 13:28:38: Epoch 600: Train loss = 0.137146, Train acc = 95.97, Validation loss = 0.210026, Validation acc = 94.24 (91.343 sec)
2022-04-10 13:30:10: Epoch 700: Train loss = 0.129729, Train acc = 96.19, Validation loss = 0.210225, Validation acc = 94.19 (92.312 sec)
2022-04-10 13:31:42: Epoch 800: Train loss = 0.128080, Train acc = 96.14, Validation loss = 0.210978, Validation acc = 94.17 (91.350 sec)
2022-04-10 13:33:14: Epoch 900: Train loss = 0.125618, Train acc = 96.27, Validation loss = 0.210831, Validation acc = 94.27 (92.150 sec)
2022-04-10 13:34:46: best epoch: 890, best val acc:94.3504， (922.752 sec)
2022-04-10 13:34:46: train_loss in this epoch :0.128658, val_loss in this epoch :0.209668
2022-04-10 13:34:46: Test weighted F1: 93.87%   Test accuracy: 94.27%
2022-04-10 13:34:46: Report:
               precision    recall  f1-score   support

           0     0.9546    0.9831    0.9687     59928
           1     0.8935    0.8596    0.8762      5073
           2     0.7887    0.5280    0.6325      4830

    accuracy                         0.9427     69831
   macro avg     0.8790    0.7902    0.8258     69831
weighted avg     0.9387    0.9427    0.9387     69831

2022-04-10 13:34:53: ---------------------dataset: BUPT-------------------------------------------------------------
2022-04-10 13:34:53: hidden: 32 seed: 42 lr: 0.005 weight_decay: 0.001 epochs: 1000 feat_drop: 0 attr_drop:0 hidden_channel:8
2022-04-10 13:34:55: Epoch 0: Train loss = 1.119403, Train acc = 46.92, Validation loss = 1.118380, Validation acc = 47.04 (0.767 sec)
2022-04-10 13:36:29: Epoch 100: Train loss = 0.199631, Train acc = 93.77, Validation loss = 0.219606, Validation acc = 93.16 (94.713 sec)
2022-04-10 13:38:04: Epoch 200: Train loss = 0.165365, Train acc = 95.00, Validation loss = 0.203943, Validation acc = 93.91 (95.004 sec)
2022-04-10 13:39:37: Epoch 300: Train loss = 0.151251, Train acc = 95.50, Validation loss = 0.203195, Validation acc = 94.05 (92.197 sec)
2022-04-10 13:41:10: Epoch 400: Train loss = 0.144024, Train acc = 95.68, Validation loss = 0.200753, Validation acc = 94.22 (93.502 sec)
2022-04-10 13:42:43: Epoch 500: Train loss = 0.138700, Train acc = 95.92, Validation loss = 0.201249, Validation acc = 94.29 (93.023 sec)
2022-04-10 13:44:17: Epoch 600: Train loss = 0.133643, Train acc = 96.14, Validation loss = 0.205889, Validation acc = 94.20 (94.146 sec)
2022-04-10 13:45:48: Epoch 700: Train loss = 0.136466, Train acc = 96.07, Validation loss = 0.203888, Validation acc = 94.27 (91.110 sec)
2022-04-10 13:47:19: Epoch 800: Train loss = 0.129240, Train acc = 96.33, Validation loss = 0.207713, Validation acc = 94.22 (91.018 sec)
2022-04-10 13:48:50: Epoch 900: Train loss = 0.127327, Train acc = 96.21, Validation loss = 0.212323, Validation acc = 94.08 (90.994 sec)
2022-04-10 13:50:20: best epoch: 789, best val acc:94.3848， (926.501 sec)
2022-04-10 13:50:20: train_loss in this epoch :0.131612, val_loss in this epoch :0.207334
2022-04-10 13:50:21: Test weighted F1: 93.80%   Test accuracy: 94.18%
2022-04-10 13:50:21: Report:
               precision    recall  f1-score   support

           0     0.9546    0.9821    0.9682     59928
           1     0.8860    0.8551    0.8703      5073
           2     0.7838    0.5329    0.6345      4830

    accuracy                         0.9418     69831
   macro avg     0.8748    0.7900    0.8243     69831
weighted avg     0.9378    0.9418    0.9380     69831

2022-04-10 13:50:28: ---------------------dataset: BUPT-------------------------------------------------------------
2022-04-10 13:50:28: hidden: 32 seed: 42 lr: 0.005 weight_decay: 0.0011 epochs: 1000 feat_drop: 0 attr_drop:0 hidden_channel:8
2022-04-10 13:50:29: Epoch 0: Train loss = 1.119403, Train acc = 46.92, Validation loss = 1.118380, Validation acc = 47.04 (0.769 sec)
2022-04-10 13:52:02: Epoch 100: Train loss = 0.200629, Train acc = 93.76, Validation loss = 0.220244, Validation acc = 93.15 (92.874 sec)
2022-04-10 13:53:35: Epoch 200: Train loss = 0.166518, Train acc = 94.98, Validation loss = 0.206074, Validation acc = 93.83 (93.095 sec)
2022-04-10 13:55:08: Epoch 300: Train loss = 0.152798, Train acc = 95.33, Validation loss = 0.204643, Validation acc = 94.01 (92.494 sec)
2022-04-10 13:56:39: Epoch 400: Train loss = 0.143730, Train acc = 95.78, Validation loss = 0.206898, Validation acc = 93.97 (91.583 sec)
2022-04-10 13:58:11: Epoch 500: Train loss = 0.141562, Train acc = 95.67, Validation loss = 0.210352, Validation acc = 93.89 (91.457 sec)
2022-04-10 13:59:42: Epoch 600: Train loss = 0.138751, Train acc = 95.85, Validation loss = 0.210465, Validation acc = 93.97 (90.944 sec)
2022-04-10 14:01:13: Epoch 700: Train loss = 0.133770, Train acc = 96.05, Validation loss = 0.210392, Validation acc = 94.05 (90.918 sec)
2022-04-10 14:02:44: Epoch 800: Train loss = 0.130972, Train acc = 96.04, Validation loss = 0.213459, Validation acc = 93.86 (91.811 sec)
2022-04-10 14:04:16: Epoch 900: Train loss = 0.138660, Train acc = 95.91, Validation loss = 0.209018, Validation acc = 94.05 (91.819 sec)
2022-04-10 14:05:47: best epoch: 983, best val acc:94.1786， (918.067 sec)
2022-04-10 14:05:47: train_loss in this epoch :0.132235, val_loss in this epoch :0.210731
2022-04-10 14:05:47: Test weighted F1: 93.72%   Test accuracy: 94.07%
2022-04-10 14:05:47: Report:
               precision    recall  f1-score   support

           0     0.9554    0.9801    0.9676     59928
           1     0.8829    0.8616    0.8721      5073
           2     0.7598    0.5352    0.6280      4830

    accuracy                         0.9407     69831
   macro avg     0.8660    0.7923    0.8226     69831
weighted avg     0.9366    0.9407    0.9372     69831

2022-04-10 14:05:54: ---------------------dataset: BUPT-------------------------------------------------------------
2022-04-10 14:05:54: hidden: 32 seed: 42 lr: 0.005 weight_decay: 0.0012 epochs: 1000 feat_drop: 0 attr_drop:0 hidden_channel:8
2022-04-10 14:05:56: Epoch 0: Train loss = 1.119403, Train acc = 46.92, Validation loss = 1.118380, Validation acc = 47.04 (0.700 sec)
2022-04-10 14:07:30: Epoch 100: Train loss = 0.201397, Train acc = 93.70, Validation loss = 0.220731, Validation acc = 93.10 (94.026 sec)
2022-04-10 14:09:02: Epoch 200: Train loss = 0.166489, Train acc = 94.94, Validation loss = 0.204696, Validation acc = 93.78 (92.738 sec)
2022-04-10 14:10:35: Epoch 300: Train loss = 0.154052, Train acc = 95.45, Validation loss = 0.201782, Validation acc = 94.05 (92.815 sec)
2022-04-10 14:12:07: Epoch 400: Train loss = 0.146705, Train acc = 95.59, Validation loss = 0.201685, Validation acc = 94.17 (91.481 sec)
2022-04-10 14:13:38: Epoch 500: Train loss = 0.141658, Train acc = 95.75, Validation loss = 0.206337, Validation acc = 94.03 (91.504 sec)
2022-04-10 14:15:10: Epoch 600: Train loss = 0.141349, Train acc = 95.79, Validation loss = 0.208632, Validation acc = 93.90 (92.112 sec)
2022-04-10 14:16:42: Epoch 700: Train loss = 0.138883, Train acc = 95.92, Validation loss = 0.204111, Validation acc = 94.07 (91.585 sec)
2022-04-10 14:18:14: Epoch 800: Train loss = 0.135310, Train acc = 96.05, Validation loss = 0.212845, Validation acc = 93.93 (92.047 sec)
2022-04-10 14:19:46: Epoch 900: Train loss = 0.136059, Train acc = 96.05, Validation loss = 0.205968, Validation acc = 94.14 (91.757 sec)
2022-04-10 14:21:17: best epoch: 571, best val acc:94.3074， (922.215 sec)
2022-04-10 14:21:17: train_loss in this epoch :0.145190, val_loss in this epoch :0.201248
2022-04-10 14:21:18: Test weighted F1: 93.71%   Test accuracy: 94.17%
2022-04-10 14:21:18: Report:
               precision    recall  f1-score   support

           0     0.9531    0.9837    0.9682     59928
           1     0.8836    0.8632    0.8733      5073
           2     0.8035    0.5029    0.6186      4830

    accuracy                         0.9417     69831
   macro avg     0.8801    0.7833    0.8200     69831
weighted avg     0.9377    0.9417    0.9371     69831

2022-04-10 14:21:25: ---------------------dataset: BUPT-------------------------------------------------------------
2022-04-10 14:21:25: hidden: 32 seed: 42 lr: 0.005 weight_decay: 0.0013 epochs: 1000 feat_drop: 0 attr_drop:0 hidden_channel:8
2022-04-10 14:21:26: Epoch 0: Train loss = 1.119403, Train acc = 46.92, Validation loss = 1.118380, Validation acc = 47.04 (0.740 sec)
2022-04-10 14:23:00: Epoch 100: Train loss = 0.202283, Train acc = 93.62, Validation loss = 0.221354, Validation acc = 93.11 (93.521 sec)
2022-04-10 14:24:34: Epoch 200: Train loss = 0.166810, Train acc = 94.96, Validation loss = 0.205750, Validation acc = 93.75 (94.310 sec)
2022-04-10 14:26:06: Epoch 300: Train loss = 0.155208, Train acc = 95.27, Validation loss = 0.202600, Validation acc = 94.01 (92.269 sec)
2022-04-10 14:27:41: Epoch 400: Train loss = 0.147637, Train acc = 95.60, Validation loss = 0.201501, Validation acc = 94.21 (94.380 sec)
2022-04-10 14:29:12: Epoch 500: Train loss = 0.145883, Train acc = 95.65, Validation loss = 0.202750, Validation acc = 94.17 (90.913 sec)
2022-04-10 14:30:43: Epoch 600: Train loss = 0.141484, Train acc = 95.90, Validation loss = 0.206154, Validation acc = 94.10 (91.305 sec)
2022-04-10 14:32:18: Epoch 700: Train loss = 0.138534, Train acc = 95.86, Validation loss = 0.205336, Validation acc = 94.09 (94.958 sec)
2022-04-10 14:33:50: Epoch 800: Train loss = 0.136966, Train acc = 95.97, Validation loss = 0.203924, Validation acc = 94.17 (92.512 sec)
2022-04-10 14:35:23: Epoch 900: Train loss = 0.132782, Train acc = 96.12, Validation loss = 0.206708, Validation acc = 94.08 (92.291 sec)
2022-04-10 14:36:47: best epoch: 492, best val acc:94.3031， (921.699 sec)
2022-04-10 14:36:47: train_loss in this epoch :0.148583, val_loss in this epoch :0.202188
2022-04-10 14:36:48: Test weighted F1: 93.82%   Test accuracy: 94.28%
2022-04-10 14:36:48: Report:
               precision    recall  f1-score   support

           0     0.9526    0.9853    0.9687     59928
           1     0.9001    0.8506    0.8746      5073
           2     0.8111    0.5120    0.6277      4830

    accuracy                         0.9428     69831
   macro avg     0.8879    0.7826    0.8237     69831
weighted avg     0.9390    0.9428    0.9382     69831

2022-04-10 14:36:55: ---------------------dataset: BUPT-------------------------------------------------------------
2022-04-10 14:36:55: hidden: 32 seed: 42 lr: 0.005 weight_decay: 0.0014 epochs: 1000 feat_drop: 0 attr_drop:0 hidden_channel:8
2022-04-10 14:36:56: Epoch 0: Train loss = 1.119403, Train acc = 46.92, Validation loss = 1.118380, Validation acc = 47.04 (0.718 sec)
2022-04-10 14:38:29: Epoch 100: Train loss = 0.203174, Train acc = 93.62, Validation loss = 0.222504, Validation acc = 93.08 (92.788 sec)
2022-04-10 14:40:01: Epoch 200: Train loss = 0.168001, Train acc = 94.92, Validation loss = 0.205114, Validation acc = 93.80 (91.819 sec)
2022-04-10 14:41:33: Epoch 300: Train loss = 0.156844, Train acc = 95.33, Validation loss = 0.202900, Validation acc = 93.99 (92.300 sec)
2022-04-10 14:43:06: Epoch 400: Train loss = 0.153202, Train acc = 95.44, Validation loss = 0.202609, Validation acc = 94.12 (92.900 sec)
2022-04-10 14:44:37: Epoch 500: Train loss = 0.149095, Train acc = 95.63, Validation loss = 0.201637, Validation acc = 94.18 (91.280 sec)
2022-04-10 14:46:08: Epoch 600: Train loss = 0.144568, Train acc = 95.74, Validation loss = 0.204520, Validation acc = 94.17 (91.119 sec)
2022-04-10 14:47:40: Epoch 700: Train loss = 0.145440, Train acc = 95.78, Validation loss = 0.202923, Validation acc = 94.24 (91.572 sec)
2022-04-10 14:49:12: Epoch 800: Train loss = 0.141187, Train acc = 95.93, Validation loss = 0.205057, Validation acc = 94.22 (92.235 sec)
2022-04-10 14:50:45: Epoch 900: Train loss = 0.142055, Train acc = 95.79, Validation loss = 0.207512, Validation acc = 94.14 (92.712 sec)
2022-04-10 14:52:17: best epoch: 855, best val acc:94.3246， (921.434 sec)
2022-04-10 14:52:17: train_loss in this epoch :0.139027, val_loss in this epoch :0.204597
2022-04-10 14:52:17: Test weighted F1: 93.86%   Test accuracy: 94.22%
2022-04-10 14:52:17: Report:
               precision    recall  f1-score   support

           0     0.9556    0.9814    0.9684     59928
           1     0.8877    0.8660    0.8767      5073
           2     0.7762    0.5364    0.6344      4830

    accuracy                         0.9422     69831
   macro avg     0.8732    0.7946    0.8265     69831
weighted avg     0.9383    0.9422    0.9386     69831

2022-04-10 14:52:24: ---------------------dataset: BUPT-------------------------------------------------------------
2022-04-10 14:52:24: hidden: 32 seed: 42 lr: 0.005 weight_decay: 0.0015 epochs: 1000 feat_drop: 0 attr_drop:0 hidden_channel:8
2022-04-10 14:52:25: Epoch 0: Train loss = 1.119403, Train acc = 46.92, Validation loss = 1.118380, Validation acc = 47.04 (0.702 sec)
2022-04-10 14:54:02: Epoch 100: Train loss = 0.203979, Train acc = 93.58, Validation loss = 0.222327, Validation acc = 93.09 (96.603 sec)
2022-04-10 14:55:35: Epoch 200: Train loss = 0.168606, Train acc = 94.88, Validation loss = 0.204828, Validation acc = 93.82 (93.286 sec)
2022-04-10 14:57:09: Epoch 300: Train loss = 0.156917, Train acc = 95.26, Validation loss = 0.202853, Validation acc = 94.00 (93.706 sec)
2022-04-10 14:58:41: Epoch 400: Train loss = 0.151398, Train acc = 95.51, Validation loss = 0.201602, Validation acc = 94.15 (92.198 sec)
2022-04-10 15:00:14: Epoch 500: Train loss = 0.144906, Train acc = 95.66, Validation loss = 0.200782, Validation acc = 94.28 (92.915 sec)
2022-04-10 15:01:14: ---------------------dataset: BUPT-------------------------------------------------------------
2022-04-10 15:01:14: hidden: 32 seed: 42 lr: 0.005 weight_decay: 0.0016 epochs: 1000 feat_drop: 0 attr_drop:0 hidden_channel:8
2022-04-10 15:01:15: Epoch 0: Train loss = 1.119403, Train acc = 46.92, Validation loss = 1.118380, Validation acc = 47.04 (0.680 sec)
2022-04-10 16:08:46: ---------------------dataset: BUPT-------------------------------------------------------------
2022-04-10 16:08:46: hidden: 32 seed: 42 lr: 0.005 weight_decay: 0.0015 epochs: 1000 feat_drop: 0 attr_drop:0 hidden_channel:8
2022-04-10 16:08:47: Epoch 0: Train loss = 1.119403, Train acc = 46.92, Validation loss = 1.118380, Validation acc = 47.04 (0.671 sec)
2022-04-10 16:10:22: Epoch 100: Train loss = 0.204065, Train acc = 93.56, Validation loss = 0.222488, Validation acc = 93.04 (94.946 sec)
2022-04-10 16:11:56: Epoch 200: Train loss = 0.170435, Train acc = 94.79, Validation loss = 0.204881, Validation acc = 93.79 (93.750 sec)
2022-04-10 16:13:28: Epoch 300: Train loss = 0.158336, Train acc = 95.23, Validation loss = 0.204288, Validation acc = 93.98 (92.266 sec)
2022-04-10 16:15:00: Epoch 400: Train loss = 0.158785, Train acc = 95.35, Validation loss = 0.207655, Validation acc = 94.03 (91.839 sec)
2022-04-10 16:16:33: Epoch 500: Train loss = 0.152003, Train acc = 95.51, Validation loss = 0.202783, Validation acc = 94.05 (92.400 sec)
2022-04-10 16:18:06: Epoch 600: Train loss = 0.146354, Train acc = 95.69, Validation loss = 0.209032, Validation acc = 93.83 (93.378 sec)
2022-04-10 16:19:37: Epoch 700: Train loss = 0.140732, Train acc = 95.84, Validation loss = 0.203126, Validation acc = 94.11 (91.387 sec)
2022-04-10 16:21:12: Epoch 800: Train loss = 0.139633, Train acc = 95.86, Validation loss = 0.201292, Validation acc = 94.24 (94.382 sec)
2022-04-10 16:22:46: Epoch 900: Train loss = 0.138632, Train acc = 95.94, Validation loss = 0.206789, Validation acc = 94.08 (94.121 sec)
2022-04-10 16:24:17: best epoch: 981, best val acc:94.2903， (930.176 sec)
2022-04-10 16:24:17: train_loss in this epoch :0.135877, val_loss in this epoch :0.201652
2022-04-10 16:24:17: Test weighted F1: 93.90%   Test accuracy: 94.24%
2022-04-10 16:24:17: Report:
               precision    recall  f1-score   support

           0     0.9559    0.9813    0.9684     59928
           1     0.8960    0.8596    0.8775      5073
           2     0.7682    0.5474    0.6393      4830

    accuracy                         0.9424     69831
   macro avg     0.8734    0.7961    0.8284     69831
weighted avg     0.9385    0.9424    0.9390     69831

2022-04-10 16:24:24: ---------------------dataset: BUPT-------------------------------------------------------------
2022-04-10 16:24:24: hidden: 32 seed: 42 lr: 0.005 weight_decay: 0.0016 epochs: 1000 feat_drop: 0 attr_drop:0 hidden_channel:8
2022-04-10 16:24:25: Epoch 0: Train loss = 1.119403, Train acc = 46.92, Validation loss = 1.118380, Validation acc = 47.04 (0.700 sec)
2022-04-10 16:25:59: Epoch 100: Train loss = 0.204458, Train acc = 93.50, Validation loss = 0.223253, Validation acc = 93.00 (93.440 sec)
2022-04-10 16:27:32: Epoch 200: Train loss = 0.171184, Train acc = 94.92, Validation loss = 0.207572, Validation acc = 93.81 (93.371 sec)
2022-04-10 16:29:05: Epoch 300: Train loss = 0.161960, Train acc = 95.09, Validation loss = 0.206119, Validation acc = 93.83 (92.467 sec)
2022-04-10 16:30:36: Epoch 400: Train loss = 0.153640, Train acc = 95.43, Validation loss = 0.204030, Validation acc = 94.05 (91.210 sec)
2022-04-10 16:32:07: Epoch 500: Train loss = 0.147426, Train acc = 95.67, Validation loss = 0.202468, Validation acc = 94.15 (91.085 sec)
2022-04-10 16:33:39: Epoch 600: Train loss = 0.145930, Train acc = 95.61, Validation loss = 0.202184, Validation acc = 94.15 (91.477 sec)
2022-04-10 16:35:10: Epoch 700: Train loss = 0.146306, Train acc = 95.65, Validation loss = 0.202121, Validation acc = 94.23 (91.691 sec)
2022-04-10 16:36:43: Epoch 800: Train loss = 0.145904, Train acc = 95.73, Validation loss = 0.204086, Validation acc = 94.24 (92.674 sec)
2022-04-10 16:38:14: Epoch 900: Train loss = 0.142348, Train acc = 95.80, Validation loss = 0.205590, Validation acc = 94.05 (91.311 sec)
2022-04-10 16:39:44: best epoch: 887, best val acc:94.3461， (919.347 sec)
2022-04-10 16:39:44: train_loss in this epoch :0.140905, val_loss in this epoch :0.201875
2022-04-10 16:39:45: Test weighted F1: 93.82%   Test accuracy: 94.22%
2022-04-10 16:39:45: Report:
               precision    recall  f1-score   support

           0     0.9543    0.9827    0.9683     59928
           1     0.8901    0.8589    0.8742      5073
           2     0.7895    0.5265    0.6317      4830

    accuracy                         0.9422     69831
   macro avg     0.8780    0.7894    0.8247     69831
weighted avg     0.9382    0.9422    0.9382     69831

