2022-04-09 22:39:49: ---------------------dataset: BUPT-------------------------------------------------------------
2022-04-09 22:39:49: filterbanks: LP hidden: 2048 seed: 42 lr: 0.005 weight_decay: 0.0005 feat_drop: 0 attr_drop:0 self_loop:False hidden_channel:8
2022-04-09 22:39:50: Epoch 0: Train loss = 1.512026, Train acc = 49.20, Validation loss = 1.509970, Validation acc = 49.91 (0.910 sec)
2022-04-09 22:44:57: Epoch 100: Train loss = 0.267257, Train acc = 94.67, Validation loss = 0.303643, Validation acc = 93.92 (307.583 sec)
2022-04-09 22:50:03: Epoch 200: Train loss = 0.169410, Train acc = 95.25, Validation loss = 0.226513, Validation acc = 94.26 (305.659 sec)
2022-04-09 22:55:08: Epoch 300: Train loss = 0.214849, Train acc = 95.47, Validation loss = 0.276995, Validation acc = 94.33 (305.338 sec)
2022-04-09 23:00:14: Epoch 400: Train loss = 0.140408, Train acc = 95.75, Validation loss = 0.219185, Validation acc = 94.41 (305.567 sec)
2022-04-09 23:05:19: Epoch 500: Train loss = 0.141621, Train acc = 95.85, Validation loss = 0.224375, Validation acc = 94.46 (305.421 sec)
2022-04-09 23:10:25: Epoch 600: Train loss = 0.126622, Train acc = 96.10, Validation loss = 0.217093, Validation acc = 94.47 (305.626 sec)
2022-04-09 23:15:31: Epoch 700: Train loss = 0.122133, Train acc = 96.20, Validation loss = 0.218635, Validation acc = 94.47 (305.891 sec)
2022-04-09 23:20:36: Epoch 800: Train loss = 0.118755, Train acc = 96.27, Validation loss = 0.220341, Validation acc = 94.44 (305.438 sec)
2022-04-09 23:25:42: Epoch 900: Train loss = 0.192521, Train acc = 94.61, Validation loss = 0.296153, Validation acc = 92.80 (305.478 sec)
2022-04-09 23:30:47: Epoch 1000: Train loss = 0.170512, Train acc = 94.86, Validation loss = 0.271816, Validation acc = 92.92 (305.397 sec)
2022-04-09 23:35:52: Epoch 1100: Train loss = 0.115417, Train acc = 96.39, Validation loss = 0.220138, Validation acc = 94.18 (305.260 sec)
2022-04-09 23:40:57: Epoch 1200: Train loss = 0.167771, Train acc = 96.43, Validation loss = 0.262511, Validation acc = 94.23 (305.317 sec)
2022-04-09 23:46:03: Epoch 1300: Train loss = 0.111477, Train acc = 96.48, Validation loss = 0.217721, Validation acc = 94.41 (305.498 sec)
2022-04-09 23:51:08: Epoch 1400: Train loss = 0.108764, Train acc = 96.53, Validation loss = 0.219670, Validation acc = 94.32 (305.339 sec)
2022-04-09 23:56:14: Epoch 1500: Train loss = 0.107208, Train acc = 96.52, Validation loss = 0.218518, Validation acc = 94.46 (305.228 sec)
2022-04-10 00:01:21: Epoch 1600: Train loss = 0.106845, Train acc = 96.62, Validation loss = 0.222023, Validation acc = 94.39 (307.791 sec)
2022-04-10 00:06:27: Epoch 1700: Train loss = 0.141342, Train acc = 96.42, Validation loss = 0.249742, Validation acc = 94.16 (305.900 sec)
2022-04-10 00:11:34: Epoch 1800: Train loss = 0.107437, Train acc = 96.57, Validation loss = 0.222924, Validation acc = 94.26 (306.283 sec)
2022-04-10 00:16:39: Epoch 1900: Train loss = 0.106926, Train acc = 96.61, Validation loss = 0.222996, Validation acc = 94.45 (305.723 sec)
2022-04-10 00:21:45: Epoch 2000: Train loss = 0.104979, Train acc = 96.52, Validation loss = 0.222059, Validation acc = 94.44 (305.482 sec)
2022-04-10 00:26:50: Epoch 2100: Train loss = 0.102787, Train acc = 96.67, Validation loss = 0.221470, Validation acc = 94.46 (305.519 sec)
2022-04-10 00:31:56: Epoch 2200: Train loss = 0.108948, Train acc = 96.57, Validation loss = 0.228192, Validation acc = 94.11 (305.507 sec)
2022-04-10 00:37:01: Epoch 2300: Train loss = 0.101955, Train acc = 96.68, Validation loss = 0.221779, Validation acc = 94.52 (305.661 sec)
2022-04-10 00:42:07: Epoch 2400: Train loss = 0.273722, Train acc = 96.52, Validation loss = 0.348775, Validation acc = 94.41 (305.279 sec)
2022-04-10 00:47:12: Epoch 2500: Train loss = 0.114347, Train acc = 96.36, Validation loss = 0.226719, Validation acc = 94.18 (305.345 sec)
2022-04-10 00:52:17: Epoch 2600: Train loss = 0.122079, Train acc = 96.61, Validation loss = 0.238591, Validation acc = 94.30 (305.406 sec)
2022-04-10 00:55:08: best epoch: 656, best val acc:94.5394， (8119.805 sec)
2022-04-10 00:55:08: train_loss in this epoch :0.124355, val_loss in this epoch :0.217651
2022-04-10 00:55:09: Test weighted F1: 94.03%   Test accuracy: 94.46%
2022-04-10 00:55:09: Report:
               precision    recall  f1-score   support

           0     0.9552    0.9846    0.9697     59928
           1     0.8922    0.8740    0.8830      5073
           2     0.8157    0.5215    0.6363      4830

    accuracy                         0.9446     69831
   macro avg     0.8877    0.7934    0.8297     69831
weighted avg     0.9410    0.9446    0.9403     69831

