2022-04-09 17:34:03: ---------------------dataset: BUPT-------------------------------------------------------------
2022-04-09 17:34:03: filterbanks: LP hidden: 512 seed: 42 lr: 0.005 weight_decay: 0.0005 feat_drop: 0 attr_drop:0 self_loop:False hidden_channel:8
2022-04-09 17:34:03: Epoch 0: Train loss = 1.158159, Train acc = 21.58, Validation loss = 1.157150, Validation acc = 21.73 (0.554 sec)
2022-04-09 17:34:04: Epoch 100: Train loss = 0.204785, Train acc = 93.40, Validation loss = 0.223949, Validation acc = 92.98 (1.138 sec)
2022-04-09 17:34:05: Epoch 200: Train loss = 0.180547, Train acc = 94.32, Validation loss = 0.212590, Validation acc = 93.53 (0.980 sec)
2022-04-09 17:34:06: Epoch 300: Train loss = 0.167678, Train acc = 94.81, Validation loss = 0.210096, Validation acc = 93.81 (0.860 sec)
2022-04-09 17:34:07: Epoch 400: Train loss = 0.159786, Train acc = 95.02, Validation loss = 0.209430, Validation acc = 93.86 (0.807 sec)
2022-04-09 17:34:08: Epoch 500: Train loss = 0.154684, Train acc = 95.10, Validation loss = 0.208621, Validation acc = 93.91 (0.807 sec)
2022-04-09 17:34:09: Epoch 600: Train loss = 0.149937, Train acc = 95.33, Validation loss = 0.208496, Validation acc = 93.97 (0.870 sec)
2022-04-09 17:34:09: Epoch 700: Train loss = 0.146687, Train acc = 95.42, Validation loss = 0.208906, Validation acc = 94.08 (0.827 sec)
2022-04-09 17:34:10: Epoch 800: Train loss = 0.144197, Train acc = 95.51, Validation loss = 0.209717, Validation acc = 94.08 (0.815 sec)
2022-04-09 17:34:11: Epoch 900: Train loss = 0.142825, Train acc = 95.48, Validation loss = 0.209925, Validation acc = 93.94 (0.808 sec)
2022-04-09 17:34:12: Epoch 1000: Train loss = 0.140498, Train acc = 95.59, Validation loss = 0.209282, Validation acc = 94.02 (0.796 sec)
2022-04-09 17:34:13: Epoch 1100: Train loss = 0.138976, Train acc = 95.69, Validation loss = 0.209660, Validation acc = 94.01 (0.794 sec)
2022-04-09 17:34:13: Epoch 1200: Train loss = 0.137866, Train acc = 95.73, Validation loss = 0.210209, Validation acc = 94.05 (0.806 sec)
2022-04-09 17:34:14: Epoch 1300: Train loss = 0.136885, Train acc = 95.76, Validation loss = 0.209654, Validation acc = 94.07 (0.792 sec)
2022-04-09 17:34:15: Epoch 1400: Train loss = 0.136207, Train acc = 95.78, Validation loss = 0.209758, Validation acc = 94.02 (0.786 sec)
2022-04-09 17:34:16: Epoch 1500: Train loss = 0.135424, Train acc = 95.85, Validation loss = 0.210369, Validation acc = 94.01 (0.785 sec)
2022-04-09 17:34:17: Epoch 1600: Train loss = 0.134954, Train acc = 95.85, Validation loss = 0.210203, Validation acc = 94.05 (0.779 sec)
2022-04-09 17:34:17: Epoch 1700: Train loss = 0.134424, Train acc = 95.85, Validation loss = 0.210558, Validation acc = 94.01 (0.783 sec)
2022-04-09 17:34:18: Epoch 1800: Train loss = 0.134269, Train acc = 95.89, Validation loss = 0.211618, Validation acc = 94.00 (0.793 sec)
2022-04-09 17:34:19: Epoch 1900: Train loss = 0.133611, Train acc = 95.87, Validation loss = 0.210916, Validation acc = 94.02 (0.814 sec)
2022-04-09 17:34:20: Epoch 2000: Train loss = 0.133347, Train acc = 95.88, Validation loss = 0.211721, Validation acc = 93.99 (0.789 sec)
2022-04-09 17:34:21: Epoch 2100: Train loss = 0.133036, Train acc = 95.91, Validation loss = 0.211494, Validation acc = 94.00 (0.797 sec)
2022-04-09 17:34:21: Epoch 2200: Train loss = 0.132547, Train acc = 95.91, Validation loss = 0.211715, Validation acc = 93.98 (0.783 sec)
2022-04-09 17:34:22: Epoch 2300: Train loss = 0.132256, Train acc = 95.93, Validation loss = 0.211697, Validation acc = 94.01 (0.780 sec)
2022-04-09 17:34:23: Epoch 2400: Train loss = 0.131893, Train acc = 95.94, Validation loss = 0.211939, Validation acc = 93.99 (0.784 sec)
2022-04-09 17:34:24: Epoch 2500: Train loss = 0.131663, Train acc = 95.95, Validation loss = 0.212107, Validation acc = 94.03 (0.802 sec)
2022-04-09 17:34:25: Epoch 2600: Train loss = 0.132226, Train acc = 95.88, Validation loss = 0.213478, Validation acc = 93.95 (0.797 sec)
2022-04-09 17:34:25: Epoch 2700: Train loss = 0.131040, Train acc = 95.96, Validation loss = 0.212174, Validation acc = 94.00 (0.784 sec)
2022-04-09 17:34:26: best epoch: 775, best val acc:94.1055， (23.295 sec)
2022-04-09 17:34:26: train_loss in this epoch :0.144755, val_loss in this epoch :0.209652
2022-04-09 17:34:26: Test weighted F1: 93.66%   Test accuracy: 94.08%
2022-04-09 17:34:26: Report:
               precision    recall  f1-score   support

           0     0.9520    0.9838    0.9677     59928
           1     0.9024    0.8295    0.8644      5073
           2     0.7815    0.5244    0.6277      4830

    accuracy                         0.9408     69831
   macro avg     0.8787    0.7792    0.8199     69831
weighted avg     0.9366    0.9408    0.9366     69831

2022-04-09 17:34:33: ---------------------dataset: BUPT-------------------------------------------------------------
2022-04-09 17:34:33: filterbanks: LP hidden: 256 seed: 42 lr: 0.005 weight_decay: 0.0005 feat_drop: 0 attr_drop:0 self_loop:False hidden_channel:8
2022-04-09 17:34:33: Epoch 0: Train loss = 1.133619, Train acc = 27.38, Validation loss = 1.133258, Validation acc = 27.91 (0.542 sec)
2022-04-09 17:34:34: Epoch 100: Train loss = 0.208989, Train acc = 93.28, Validation loss = 0.224916, Validation acc = 92.92 (0.855 sec)
2022-04-09 17:34:35: Epoch 200: Train loss = 0.184341, Train acc = 94.25, Validation loss = 0.213322, Validation acc = 93.47 (0.821 sec)
2022-04-09 17:34:36: Epoch 300: Train loss = 0.171531, Train acc = 94.51, Validation loss = 0.211873, Validation acc = 93.51 (0.696 sec)
2022-04-09 17:34:36: Epoch 400: Train loss = 0.161105, Train acc = 95.02, Validation loss = 0.208760, Validation acc = 93.86 (0.576 sec)
2022-04-09 17:34:37: Epoch 500: Train loss = 0.155697, Train acc = 95.18, Validation loss = 0.208994, Validation acc = 93.76 (0.536 sec)
2022-04-09 17:34:37: Epoch 600: Train loss = 0.150292, Train acc = 95.37, Validation loss = 0.207734, Validation acc = 93.96 (0.509 sec)
2022-04-09 17:34:38: Epoch 700: Train loss = 0.146914, Train acc = 95.49, Validation loss = 0.208315, Validation acc = 93.99 (0.540 sec)
2022-04-09 17:34:38: Epoch 800: Train loss = 0.144432, Train acc = 95.54, Validation loss = 0.208175, Validation acc = 93.94 (0.569 sec)
2022-04-09 17:34:39: Epoch 900: Train loss = 0.142201, Train acc = 95.63, Validation loss = 0.208351, Validation acc = 93.99 (0.554 sec)
2022-04-09 17:34:40: Epoch 1000: Train loss = 0.140788, Train acc = 95.66, Validation loss = 0.208888, Validation acc = 93.99 (0.545 sec)
2022-04-09 17:34:40: Epoch 1100: Train loss = 0.139096, Train acc = 95.79, Validation loss = 0.209113, Validation acc = 94.00 (0.530 sec)
2022-04-09 17:34:41: Epoch 1200: Train loss = 0.137861, Train acc = 95.82, Validation loss = 0.209083, Validation acc = 93.98 (0.508 sec)
2022-04-09 17:34:41: Epoch 1300: Train loss = 0.137444, Train acc = 95.69, Validation loss = 0.209582, Validation acc = 93.94 (0.508 sec)
2022-04-09 17:34:42: Epoch 1400: Train loss = 0.136177, Train acc = 95.85, Validation loss = 0.209910, Validation acc = 93.99 (0.527 sec)
2022-04-09 17:34:42: Epoch 1500: Train loss = 0.135527, Train acc = 95.87, Validation loss = 0.210974, Validation acc = 93.97 (0.508 sec)
2022-04-09 17:34:43: Epoch 1600: Train loss = 0.134875, Train acc = 95.91, Validation loss = 0.210854, Validation acc = 93.97 (0.502 sec)
2022-04-09 17:34:43: Epoch 1700: Train loss = 0.134345, Train acc = 95.89, Validation loss = 0.210921, Validation acc = 93.99 (0.533 sec)
2022-04-09 17:34:44: Epoch 1800: Train loss = 0.133914, Train acc = 95.94, Validation loss = 0.211228, Validation acc = 94.02 (0.527 sec)
2022-04-09 17:34:44: Epoch 1900: Train loss = 0.134081, Train acc = 95.90, Validation loss = 0.212172, Validation acc = 93.99 (0.524 sec)
2022-04-09 17:34:45: Epoch 2000: Train loss = 0.133201, Train acc = 95.95, Validation loss = 0.211632, Validation acc = 93.99 (0.537 sec)
2022-04-09 17:34:45: Epoch 2100: Train loss = 0.132928, Train acc = 95.95, Validation loss = 0.211733, Validation acc = 94.01 (0.507 sec)
2022-04-09 17:34:46: Epoch 2200: Train loss = 0.133053, Train acc = 95.97, Validation loss = 0.212721, Validation acc = 93.96 (0.530 sec)
2022-04-09 17:34:46: Epoch 2300: Train loss = 0.132451, Train acc = 95.96, Validation loss = 0.211719, Validation acc = 94.02 (0.502 sec)
2022-04-09 17:34:47: Epoch 2400: Train loss = 0.132191, Train acc = 95.95, Validation loss = 0.211776, Validation acc = 93.99 (0.507 sec)
2022-04-09 17:34:47: Epoch 2500: Train loss = 0.131992, Train acc = 96.00, Validation loss = 0.211815, Validation acc = 94.01 (0.504 sec)
2022-04-09 17:34:48: Epoch 2600: Train loss = 0.131832, Train acc = 96.00, Validation loss = 0.211826, Validation acc = 94.00 (0.505 sec)
2022-04-09 17:34:48: Epoch 2700: Train loss = 0.131620, Train acc = 96.00, Validation loss = 0.211759, Validation acc = 93.98 (0.534 sec)
2022-04-09 17:34:49: Epoch 2800: Train loss = 0.131462, Train acc = 95.98, Validation loss = 0.211718, Validation acc = 93.98 (0.543 sec)
2022-04-09 17:34:49: best epoch: 824, best val acc:94.0454， (16.222 sec)
2022-04-09 17:34:49: train_loss in this epoch :0.143577, val_loss in this epoch :0.208293
2022-04-09 17:34:49: Test weighted F1: 93.71%   Test accuracy: 94.11%
2022-04-09 17:34:49: Report:
               precision    recall  f1-score   support

           0     0.9533    0.9829    0.9679     59928
           1     0.8937    0.8435    0.8679      5073
           2     0.7791    0.5251    0.6273      4830

    accuracy                         0.9411     69831
   macro avg     0.8754    0.7838    0.8210     69831
weighted avg     0.9369    0.9411    0.9371     69831

2022-04-09 17:34:56: ---------------------dataset: BUPT-------------------------------------------------------------
2022-04-09 17:34:56: filterbanks: LP hidden: 128 seed: 42 lr: 0.005 weight_decay: 0.0005 feat_drop: 0 attr_drop:0 self_loop:False hidden_channel:8
2022-04-09 17:34:56: Epoch 0: Train loss = 1.177048, Train acc = 15.75, Validation loss = 1.177539, Validation acc = 15.65 (0.512 sec)
2022-04-09 17:34:57: Epoch 100: Train loss = 0.217467, Train acc = 92.95, Validation loss = 0.230225, Validation acc = 92.63 (0.799 sec)
2022-04-09 17:34:58: Epoch 200: Train loss = 0.192754, Train acc = 93.88, Validation loss = 0.215248, Validation acc = 93.29 (0.813 sec)
2022-04-09 17:34:59: Epoch 300: Train loss = 0.177672, Train acc = 94.46, Validation loss = 0.210645, Validation acc = 93.59 (0.723 sec)
2022-04-09 17:35:00: Epoch 400: Train loss = 0.167168, Train acc = 94.84, Validation loss = 0.208809, Validation acc = 93.76 (0.689 sec)
2022-04-09 17:35:00: Epoch 500: Train loss = 0.160344, Train acc = 95.02, Validation loss = 0.207561, Validation acc = 93.79 (0.534 sec)
2022-04-09 17:35:01: Epoch 600: Train loss = 0.155182, Train acc = 95.23, Validation loss = 0.206428, Validation acc = 93.86 (0.513 sec)
2022-04-09 17:35:01: Epoch 700: Train loss = 0.151146, Train acc = 95.30, Validation loss = 0.206277, Validation acc = 93.89 (0.493 sec)
2022-04-09 17:35:01: Epoch 800: Train loss = 0.148041, Train acc = 95.41, Validation loss = 0.206738, Validation acc = 93.99 (0.455 sec)
2022-04-09 17:35:02: Epoch 900: Train loss = 0.145127, Train acc = 95.56, Validation loss = 0.206827, Validation acc = 93.98 (0.460 sec)
2022-04-09 17:35:02: Epoch 1000: Train loss = 0.143148, Train acc = 95.54, Validation loss = 0.207064, Validation acc = 93.97 (0.456 sec)
2022-04-09 17:35:03: Epoch 1100: Train loss = 0.141247, Train acc = 95.65, Validation loss = 0.207634, Validation acc = 93.98 (0.439 sec)
2022-04-09 17:35:03: Epoch 1200: Train loss = 0.139878, Train acc = 95.67, Validation loss = 0.207821, Validation acc = 93.96 (0.457 sec)
2022-04-09 17:35:04: Epoch 1300: Train loss = 0.138604, Train acc = 95.71, Validation loss = 0.207682, Validation acc = 94.03 (0.443 sec)
2022-04-09 17:35:04: Epoch 1400: Train loss = 0.137643, Train acc = 95.75, Validation loss = 0.207869, Validation acc = 93.97 (0.438 sec)
2022-04-09 17:35:05: Epoch 1500: Train loss = 0.136963, Train acc = 95.76, Validation loss = 0.208309, Validation acc = 93.96 (0.451 sec)
2022-04-09 17:35:05: Epoch 1600: Train loss = 0.136377, Train acc = 95.77, Validation loss = 0.208500, Validation acc = 93.97 (0.408 sec)
2022-04-09 17:35:05: Epoch 1700: Train loss = 0.135798, Train acc = 95.79, Validation loss = 0.208462, Validation acc = 93.94 (0.401 sec)
2022-04-09 17:35:06: Epoch 1800: Train loss = 0.135384, Train acc = 95.78, Validation loss = 0.208704, Validation acc = 93.96 (0.399 sec)
2022-04-09 17:35:06: Epoch 1900: Train loss = 0.134993, Train acc = 95.78, Validation loss = 0.209159, Validation acc = 93.96 (0.406 sec)
2022-04-09 17:35:07: Epoch 2000: Train loss = 0.134581, Train acc = 95.80, Validation loss = 0.209107, Validation acc = 93.98 (0.401 sec)
2022-04-09 17:35:07: Epoch 2100: Train loss = 0.134271, Train acc = 95.85, Validation loss = 0.209611, Validation acc = 93.93 (0.404 sec)
2022-04-09 17:35:07: Epoch 2200: Train loss = 0.134253, Train acc = 95.80, Validation loss = 0.209884, Validation acc = 93.90 (0.401 sec)
2022-04-09 17:35:08: Epoch 2300: Train loss = 0.133548, Train acc = 95.86, Validation loss = 0.209511, Validation acc = 93.98 (0.402 sec)
2022-04-09 17:35:08: Epoch 2400: Train loss = 0.133254, Train acc = 95.89, Validation loss = 0.209329, Validation acc = 94.00 (0.432 sec)
2022-04-09 17:35:09: Epoch 2500: Train loss = 0.132929, Train acc = 95.90, Validation loss = 0.209439, Validation acc = 94.01 (0.426 sec)
2022-04-09 17:35:09: Epoch 2600: Train loss = 0.132632, Train acc = 95.90, Validation loss = 0.209524, Validation acc = 94.02 (0.449 sec)
2022-04-09 17:35:10: Epoch 2700: Train loss = 0.132351, Train acc = 95.89, Validation loss = 0.209739, Validation acc = 94.02 (0.431 sec)
2022-04-09 17:35:10: Epoch 2800: Train loss = 0.132168, Train acc = 95.92, Validation loss = 0.210125, Validation acc = 93.97 (0.461 sec)
2022-04-09 17:35:10: Epoch 2900: Train loss = 0.131619, Train acc = 95.96, Validation loss = 0.209657, Validation acc = 94.01 (0.416 sec)
2022-04-09 17:35:11: Epoch 3000: Train loss = 0.131297, Train acc = 95.94, Validation loss = 0.209813, Validation acc = 93.99 (0.403 sec)
2022-04-09 17:35:11: best epoch: 1065, best val acc:94.0926， (15.179 sec)
2022-04-09 17:35:11: train_loss in this epoch :0.141750, val_loss in this epoch :0.207337
2022-04-09 17:35:11: Test weighted F1: 93.76%   Test accuracy: 94.15%
2022-04-09 17:35:11: Report:
               precision    recall  f1-score   support

           0     0.9538    0.9827    0.9680     59928
           1     0.8931    0.8447    0.8682      5073
           2     0.7814    0.5321    0.6331      4830

    accuracy                         0.9415     69831
   macro avg     0.8761    0.7865    0.8231     69831
weighted avg     0.9374    0.9415    0.9376     69831

2022-04-09 17:35:18: ---------------------dataset: BUPT-------------------------------------------------------------
2022-04-09 17:35:18: filterbanks: LP hidden: 64 seed: 42 lr: 0.005 weight_decay: 0.0005 feat_drop: 0 attr_drop:0 self_loop:False hidden_channel:8
2022-04-09 17:35:18: Epoch 0: Train loss = 1.177656, Train acc = 13.32, Validation loss = 1.178430, Validation acc = 13.52 (0.553 sec)
2022-04-09 17:35:19: Epoch 100: Train loss = 0.225507, Train acc = 92.72, Validation loss = 0.237030, Validation acc = 92.39 (0.738 sec)
2022-04-09 17:35:20: Epoch 200: Train loss = 0.200831, Train acc = 93.61, Validation loss = 0.219364, Validation acc = 93.15 (0.708 sec)
2022-04-09 17:35:21: Epoch 300: Train loss = 0.184834, Train acc = 94.27, Validation loss = 0.211659, Validation acc = 93.53 (0.720 sec)
2022-04-09 17:35:21: Epoch 400: Train loss = 0.175401, Train acc = 94.61, Validation loss = 0.208799, Validation acc = 93.66 (0.605 sec)
2022-04-09 17:35:22: Epoch 500: Train loss = 0.168573, Train acc = 94.80, Validation loss = 0.207002, Validation acc = 93.72 (0.532 sec)
2022-04-09 17:35:22: Epoch 600: Train loss = 0.163307, Train acc = 94.94, Validation loss = 0.205965, Validation acc = 93.88 (0.662 sec)
2022-04-09 17:35:23: Epoch 700: Train loss = 0.159180, Train acc = 95.09, Validation loss = 0.205363, Validation acc = 93.89 (0.548 sec)
2022-04-09 17:35:23: Epoch 800: Train loss = 0.156240, Train acc = 95.12, Validation loss = 0.205871, Validation acc = 93.84 (0.404 sec)
2022-04-09 17:35:24: Epoch 900: Train loss = 0.153575, Train acc = 95.20, Validation loss = 0.205808, Validation acc = 93.92 (0.374 sec)
2022-04-09 17:35:24: Epoch 1000: Train loss = 0.151635, Train acc = 95.28, Validation loss = 0.205817, Validation acc = 93.87 (0.401 sec)
2022-04-09 17:35:24: Epoch 1100: Train loss = 0.149988, Train acc = 95.33, Validation loss = 0.205718, Validation acc = 93.89 (0.410 sec)
2022-04-09 17:35:25: Epoch 1200: Train loss = 0.148480, Train acc = 95.33, Validation loss = 0.205584, Validation acc = 93.88 (0.359 sec)
2022-04-09 17:35:25: Epoch 1300: Train loss = 0.147168, Train acc = 95.39, Validation loss = 0.205881, Validation acc = 93.89 (0.358 sec)
2022-04-09 17:35:26: Epoch 1400: Train loss = 0.146002, Train acc = 95.44, Validation loss = 0.206172, Validation acc = 93.89 (0.354 sec)
2022-04-09 17:35:26: Epoch 1500: Train loss = 0.144953, Train acc = 95.47, Validation loss = 0.206443, Validation acc = 93.86 (0.357 sec)
2022-04-09 17:35:26: Epoch 1600: Train loss = 0.143737, Train acc = 95.54, Validation loss = 0.206799, Validation acc = 93.89 (0.360 sec)
2022-04-09 17:35:27: Epoch 1700: Train loss = 0.142764, Train acc = 95.57, Validation loss = 0.207126, Validation acc = 93.92 (0.391 sec)
2022-04-09 17:35:27: Epoch 1800: Train loss = 0.141894, Train acc = 95.60, Validation loss = 0.207401, Validation acc = 93.91 (0.354 sec)
2022-04-09 17:35:27: Epoch 1900: Train loss = 0.141227, Train acc = 95.63, Validation loss = 0.208010, Validation acc = 93.90 (0.358 sec)
2022-04-09 17:35:28: Epoch 2000: Train loss = 0.140372, Train acc = 95.71, Validation loss = 0.208114, Validation acc = 93.88 (0.355 sec)
2022-04-09 17:35:28: Epoch 2100: Train loss = 0.139877, Train acc = 95.70, Validation loss = 0.209025, Validation acc = 93.84 (0.374 sec)
2022-04-09 17:35:28: Epoch 2200: Train loss = 0.138952, Train acc = 95.76, Validation loss = 0.208760, Validation acc = 93.86 (0.404 sec)
2022-04-09 17:35:29: Epoch 2300: Train loss = 0.138436, Train acc = 95.74, Validation loss = 0.208878, Validation acc = 93.88 (0.395 sec)
2022-04-09 17:35:29: Epoch 2400: Train loss = 0.137945, Train acc = 95.75, Validation loss = 0.208587, Validation acc = 93.86 (0.375 sec)
2022-04-09 17:35:30: Epoch 2500: Train loss = 0.137555, Train acc = 95.77, Validation loss = 0.208386, Validation acc = 93.84 (0.391 sec)
2022-04-09 17:35:30: Epoch 2600: Train loss = 0.137216, Train acc = 95.76, Validation loss = 0.208680, Validation acc = 93.82 (0.412 sec)
2022-04-09 17:35:30: Epoch 2700: Train loss = 0.136914, Train acc = 95.73, Validation loss = 0.208819, Validation acc = 93.80 (0.366 sec)
2022-04-09 17:35:31: Epoch 2800: Train loss = 0.136679, Train acc = 95.73, Validation loss = 0.208963, Validation acc = 93.80 (0.361 sec)
2022-04-09 17:35:31: Epoch 2900: Train loss = 0.136493, Train acc = 95.76, Validation loss = 0.208984, Validation acc = 93.82 (0.361 sec)
2022-04-09 17:35:32: Epoch 3000: Train loss = 0.136295, Train acc = 95.75, Validation loss = 0.209223, Validation acc = 93.82 (0.358 sec)
2022-04-09 17:35:32: Epoch 3100: Train loss = 0.136124, Train acc = 95.76, Validation loss = 0.209423, Validation acc = 93.84 (0.358 sec)
2022-04-09 17:35:32: Epoch 3200: Train loss = 0.135997, Train acc = 95.77, Validation loss = 0.209490, Validation acc = 93.83 (0.358 sec)
2022-04-09 17:35:33: Epoch 3300: Train loss = 0.135898, Train acc = 95.77, Validation loss = 0.209409, Validation acc = 93.84 (0.354 sec)
2022-04-09 17:35:33: Epoch 3400: Train loss = 0.135781, Train acc = 95.77, Validation loss = 0.209629, Validation acc = 93.83 (0.360 sec)
2022-04-09 17:35:33: Epoch 3500: Train loss = 0.135655, Train acc = 95.78, Validation loss = 0.209659, Validation acc = 93.86 (0.365 sec)
2022-04-09 17:35:34: Epoch 3600: Train loss = 0.135546, Train acc = 95.79, Validation loss = 0.209610, Validation acc = 93.84 (0.368 sec)
2022-04-09 17:35:34: best epoch: 1697, best val acc:93.9680， (16.212 sec)
2022-04-09 17:35:34: train_loss in this epoch :0.142888, val_loss in this epoch :0.207266
2022-04-09 17:35:34: Test weighted F1: 93.69%   Test accuracy: 94.07%
2022-04-09 17:35:34: Report:
               precision    recall  f1-score   support

           0     0.9539    0.9818    0.9676     59928
           1     0.8892    0.8417    0.8648      5073
           2     0.7717    0.5348    0.6318      4830

    accuracy                         0.9407     69831
   macro avg     0.8716    0.7861    0.8214     69831
weighted avg     0.9366    0.9407    0.9369     69831

2022-04-09 17:35:41: ---------------------dataset: BUPT-------------------------------------------------------------
2022-04-09 17:35:41: filterbanks: LP hidden: 32 seed: 42 lr: 0.005 weight_decay: 0.0005 feat_drop: 0 attr_drop:0 self_loop:False hidden_channel:8
2022-04-09 17:35:41: Epoch 0: Train loss = 1.099286, Train acc = 33.37, Validation loss = 1.097703, Validation acc = 33.27 (0.503 sec)
2022-04-09 17:35:42: Epoch 100: Train loss = 0.232488, Train acc = 92.51, Validation loss = 0.242817, Validation acc = 92.22 (0.700 sec)
2022-04-09 17:35:43: Epoch 200: Train loss = 0.208611, Train acc = 93.32, Validation loss = 0.223236, Validation acc = 92.88 (0.656 sec)
2022-04-09 17:35:44: Epoch 300: Train loss = 0.196359, Train acc = 93.91, Validation loss = 0.215094, Validation acc = 93.30 (0.699 sec)
2022-04-09 17:35:44: Epoch 400: Train loss = 0.187705, Train acc = 94.24, Validation loss = 0.211555, Validation acc = 93.52 (0.602 sec)
2022-04-09 17:35:45: Epoch 500: Train loss = 0.181261, Train acc = 94.48, Validation loss = 0.210177, Validation acc = 93.66 (0.651 sec)
2022-04-09 17:35:45: Epoch 600: Train loss = 0.176881, Train acc = 94.55, Validation loss = 0.209550, Validation acc = 93.68 (0.537 sec)
2022-04-09 17:35:46: Epoch 700: Train loss = 0.173656, Train acc = 94.70, Validation loss = 0.208985, Validation acc = 93.66 (0.416 sec)
2022-04-09 17:35:46: Epoch 800: Train loss = 0.170900, Train acc = 94.78, Validation loss = 0.209031, Validation acc = 93.73 (0.478 sec)
2022-04-09 17:35:47: Epoch 900: Train loss = 0.168596, Train acc = 94.84, Validation loss = 0.209043, Validation acc = 93.78 (0.442 sec)
2022-04-09 17:35:47: Epoch 1000: Train loss = 0.166754, Train acc = 94.88, Validation loss = 0.208862, Validation acc = 93.74 (0.386 sec)
2022-04-09 17:35:47: Epoch 1100: Train loss = 0.165038, Train acc = 94.95, Validation loss = 0.208555, Validation acc = 93.80 (0.344 sec)
2022-04-09 17:35:48: Epoch 1200: Train loss = 0.163464, Train acc = 94.97, Validation loss = 0.208342, Validation acc = 93.80 (0.403 sec)
2022-04-09 17:35:48: Epoch 1300: Train loss = 0.162247, Train acc = 95.03, Validation loss = 0.208407, Validation acc = 93.80 (0.406 sec)
2022-04-09 17:35:49: Epoch 1400: Train loss = 0.161301, Train acc = 95.04, Validation loss = 0.208335, Validation acc = 93.79 (0.355 sec)
2022-04-09 17:35:49: Epoch 1500: Train loss = 0.160462, Train acc = 95.09, Validation loss = 0.207720, Validation acc = 93.79 (0.385 sec)
2022-04-09 17:35:49: Epoch 1600: Train loss = 0.159819, Train acc = 95.09, Validation loss = 0.207753, Validation acc = 93.82 (0.357 sec)
2022-04-09 17:35:50: Epoch 1700: Train loss = 0.159276, Train acc = 95.12, Validation loss = 0.207940, Validation acc = 93.83 (0.403 sec)
2022-04-09 17:35:50: Epoch 1800: Train loss = 0.158833, Train acc = 95.16, Validation loss = 0.207979, Validation acc = 93.86 (0.469 sec)
2022-04-09 17:35:51: Epoch 1900: Train loss = 0.158251, Train acc = 95.19, Validation loss = 0.208027, Validation acc = 93.87 (0.406 sec)
2022-04-09 17:35:51: Epoch 2000: Train loss = 0.157823, Train acc = 95.20, Validation loss = 0.207884, Validation acc = 93.88 (0.338 sec)
2022-04-09 17:35:51: Epoch 2100: Train loss = 0.157546, Train acc = 95.21, Validation loss = 0.207972, Validation acc = 93.88 (0.332 sec)
2022-04-09 17:35:52: Epoch 2200: Train loss = 0.157492, Train acc = 95.21, Validation loss = 0.208089, Validation acc = 93.83 (0.335 sec)
2022-04-09 17:35:52: Epoch 2300: Train loss = 0.157041, Train acc = 95.21, Validation loss = 0.208145, Validation acc = 93.87 (0.371 sec)
2022-04-09 17:35:52: Epoch 2400: Train loss = 0.156785, Train acc = 95.21, Validation loss = 0.207876, Validation acc = 93.89 (0.397 sec)
2022-04-09 17:35:53: Epoch 2500: Train loss = 0.156549, Train acc = 95.21, Validation loss = 0.207792, Validation acc = 93.86 (0.392 sec)
2022-04-09 17:35:53: Epoch 2600: Train loss = 0.156338, Train acc = 95.19, Validation loss = 0.207778, Validation acc = 93.88 (0.371 sec)
2022-04-09 17:35:54: Epoch 2700: Train loss = 0.156146, Train acc = 95.21, Validation loss = 0.208069, Validation acc = 93.89 (0.389 sec)
2022-04-09 17:35:54: Epoch 2800: Train loss = 0.156022, Train acc = 95.13, Validation loss = 0.207964, Validation acc = 93.91 (0.436 sec)
2022-04-09 17:35:54: Epoch 2900: Train loss = 0.155757, Train acc = 95.18, Validation loss = 0.207886, Validation acc = 93.90 (0.392 sec)
2022-04-09 17:35:55: Epoch 3000: Train loss = 0.155616, Train acc = 95.19, Validation loss = 0.207950, Validation acc = 93.93 (0.363 sec)
2022-04-09 17:35:55: Epoch 3100: Train loss = 0.155484, Train acc = 95.24, Validation loss = 0.208327, Validation acc = 93.91 (0.348 sec)
2022-04-09 17:35:55: Epoch 3200: Train loss = 0.155388, Train acc = 95.23, Validation loss = 0.208296, Validation acc = 93.93 (0.349 sec)
2022-04-09 17:35:56: Epoch 3300: Train loss = 0.155301, Train acc = 95.22, Validation loss = 0.208450, Validation acc = 93.95 (0.332 sec)
2022-04-09 17:35:56: Epoch 3400: Train loss = 0.155232, Train acc = 95.21, Validation loss = 0.208554, Validation acc = 93.89 (0.333 sec)
2022-04-09 17:35:56: Epoch 3500: Train loss = 0.155149, Train acc = 95.16, Validation loss = 0.208725, Validation acc = 93.88 (0.337 sec)
2022-04-09 17:35:57: Epoch 3600: Train loss = 0.155107, Train acc = 95.16, Validation loss = 0.208795, Validation acc = 93.89 (0.335 sec)
2022-04-09 17:35:57: Epoch 3700: Train loss = 0.155116, Train acc = 95.17, Validation loss = 0.208987, Validation acc = 93.89 (0.333 sec)
2022-04-09 17:35:57: Epoch 3800: Train loss = 0.155075, Train acc = 95.17, Validation loss = 0.208961, Validation acc = 93.93 (0.363 sec)
2022-04-09 17:35:58: Epoch 3900: Train loss = 0.155048, Train acc = 95.15, Validation loss = 0.209012, Validation acc = 93.90 (0.336 sec)
2022-04-09 17:35:58: best epoch: 3160, best val acc:93.9809， (17.162 sec)
2022-04-09 17:35:58: train_loss in this epoch :0.155523, val_loss in this epoch :0.208157
2022-04-09 17:35:58: Test weighted F1: 93.61%   Test accuracy: 94.03%
2022-04-09 17:35:58: Report:
               precision    recall  f1-score   support

           0     0.9537    0.9818    0.9675     59928
           1     0.8763    0.8589    0.8675      5073
           2     0.7806    0.5120    0.6184      4830

    accuracy                         0.9403     69831
   macro avg     0.8702    0.7842    0.8178     69831
weighted avg     0.9361    0.9403    0.9361     69831

2022-04-09 17:36:05: ---------------------dataset: BUPT-------------------------------------------------------------
2022-04-09 17:36:05: filterbanks: LP hidden: 8 seed: 42 lr: 0.005 weight_decay: 0.0005 feat_drop: 0 attr_drop:0 self_loop:False hidden_channel:8
2022-04-09 17:36:06: Epoch 0: Train loss = 1.301321, Train acc = 12.10, Validation loss = 1.300588, Validation acc = 12.18 (0.580 sec)
2022-04-09 17:36:06: Epoch 100: Train loss = 0.295922, Train acc = 90.35, Validation loss = 0.302445, Validation acc = 90.14 (0.759 sec)
2022-04-09 17:36:07: Epoch 200: Train loss = 0.239061, Train acc = 92.49, Validation loss = 0.248768, Validation acc = 92.03 (0.680 sec)
2022-04-09 17:36:08: Epoch 300: Train loss = 0.227370, Train acc = 92.85, Validation loss = 0.239222, Validation acc = 92.42 (0.725 sec)
2022-04-09 17:36:08: Epoch 400: Train loss = 0.220721, Train acc = 93.08, Validation loss = 0.234279, Validation acc = 92.59 (0.603 sec)
2022-04-09 17:36:09: Epoch 500: Train loss = 0.216951, Train acc = 93.17, Validation loss = 0.231515, Validation acc = 92.77 (0.617 sec)
2022-04-09 17:36:09: Epoch 600: Train loss = 0.214523, Train acc = 93.32, Validation loss = 0.229850, Validation acc = 92.92 (0.527 sec)
2022-04-09 17:36:10: Epoch 700: Train loss = 0.212215, Train acc = 93.41, Validation loss = 0.229082, Validation acc = 92.92 (0.489 sec)
2022-04-09 17:36:10: Epoch 800: Train loss = 0.210127, Train acc = 93.48, Validation loss = 0.228291, Validation acc = 92.97 (0.417 sec)
2022-04-09 17:36:11: Epoch 900: Train loss = 0.208411, Train acc = 93.54, Validation loss = 0.227085, Validation acc = 92.99 (0.524 sec)
2022-04-09 17:36:11: Epoch 1000: Train loss = 0.207127, Train acc = 93.64, Validation loss = 0.226001, Validation acc = 93.09 (0.621 sec)
2022-04-09 17:36:12: Epoch 1100: Train loss = 0.205924, Train acc = 93.74, Validation loss = 0.225030, Validation acc = 93.14 (0.683 sec)
2022-04-09 17:36:13: Epoch 1200: Train loss = 0.204458, Train acc = 93.78, Validation loss = 0.223823, Validation acc = 93.19 (0.558 sec)
2022-04-09 17:36:13: Epoch 1300: Train loss = 0.203142, Train acc = 93.81, Validation loss = 0.222363, Validation acc = 93.25 (0.644 sec)
2022-04-09 17:36:14: Epoch 1400: Train loss = 0.201421, Train acc = 93.81, Validation loss = 0.220674, Validation acc = 93.31 (0.504 sec)
2022-04-09 17:36:15: Epoch 1500: Train loss = 0.199810, Train acc = 93.89, Validation loss = 0.219192, Validation acc = 93.39 (0.621 sec)
2022-04-09 17:36:15: Epoch 1600: Train loss = 0.198317, Train acc = 93.97, Validation loss = 0.217607, Validation acc = 93.50 (0.662 sec)
2022-04-09 17:36:16: Epoch 1700: Train loss = 0.196446, Train acc = 94.04, Validation loss = 0.215325, Validation acc = 93.58 (0.562 sec)
2022-04-09 17:36:16: Epoch 1800: Train loss = 0.195299, Train acc = 94.07, Validation loss = 0.214606, Validation acc = 93.61 (0.512 sec)
2022-04-09 17:36:17: Epoch 1900: Train loss = 0.194468, Train acc = 94.09, Validation loss = 0.214124, Validation acc = 93.61 (0.392 sec)
2022-04-09 17:36:17: Epoch 2000: Train loss = 0.193797, Train acc = 94.11, Validation loss = 0.213540, Validation acc = 93.62 (0.325 sec)
2022-04-09 17:36:17: Epoch 2100: Train loss = 0.193209, Train acc = 94.08, Validation loss = 0.212984, Validation acc = 93.60 (0.321 sec)
2022-04-09 17:36:18: Epoch 2200: Train loss = 0.192571, Train acc = 94.08, Validation loss = 0.212569, Validation acc = 93.61 (0.323 sec)
2022-04-09 17:36:18: Epoch 2300: Train loss = 0.192084, Train acc = 94.11, Validation loss = 0.212707, Validation acc = 93.57 (0.328 sec)
2022-04-09 17:36:18: Epoch 2400: Train loss = 0.191494, Train acc = 94.14, Validation loss = 0.212769, Validation acc = 93.53 (0.383 sec)
2022-04-09 17:36:19: Epoch 2500: Train loss = 0.191045, Train acc = 94.15, Validation loss = 0.212544, Validation acc = 93.50 (0.354 sec)
2022-04-09 17:36:19: Epoch 2600: Train loss = 0.190768, Train acc = 94.17, Validation loss = 0.212464, Validation acc = 93.50 (0.368 sec)
2022-04-09 17:36:19: Epoch 2700: Train loss = 0.190566, Train acc = 94.18, Validation loss = 0.212403, Validation acc = 93.48 (0.369 sec)
2022-04-09 17:36:20: Epoch 2800: Train loss = 0.190412, Train acc = 94.19, Validation loss = 0.212347, Validation acc = 93.49 (0.401 sec)
2022-04-09 17:36:20: Epoch 2900: Train loss = 0.190286, Train acc = 94.20, Validation loss = 0.212326, Validation acc = 93.50 (0.414 sec)
2022-04-09 17:36:21: Epoch 3000: Train loss = 0.190167, Train acc = 94.21, Validation loss = 0.212309, Validation acc = 93.50 (0.387 sec)
2022-04-09 17:36:21: Epoch 3100: Train loss = 0.190064, Train acc = 94.20, Validation loss = 0.212219, Validation acc = 93.52 (0.380 sec)
2022-04-09 17:36:21: Epoch 3200: Train loss = 0.189982, Train acc = 94.22, Validation loss = 0.212214, Validation acc = 93.52 (0.379 sec)
2022-04-09 17:36:22: Epoch 3300: Train loss = 0.189911, Train acc = 94.24, Validation loss = 0.212341, Validation acc = 93.51 (0.382 sec)
2022-04-09 17:36:22: Epoch 3400: Train loss = 0.189830, Train acc = 94.23, Validation loss = 0.212520, Validation acc = 93.53 (0.349 sec)
2022-04-09 17:36:22: Epoch 3500: Train loss = 0.189764, Train acc = 94.22, Validation loss = 0.212458, Validation acc = 93.54 (0.326 sec)
2022-04-09 17:36:23: Epoch 3600: Train loss = 0.189705, Train acc = 94.23, Validation loss = 0.212437, Validation acc = 93.55 (0.320 sec)
2022-04-09 17:36:23: Epoch 3700: Train loss = 0.189645, Train acc = 94.21, Validation loss = 0.212343, Validation acc = 93.57 (0.366 sec)
2022-04-09 17:36:23: best epoch: 1761, best val acc:93.6372， (18.391 sec)
2022-04-09 17:36:23: train_loss in this epoch :0.195685, val_loss in this epoch :0.214849
2022-04-09 17:36:23: Test weighted F1: 92.96%   Test accuracy: 93.54%
2022-04-09 17:36:23: Report:
               precision    recall  f1-score   support

           0     0.9473    0.9831    0.9649     59928
           1     0.8707    0.8232    0.8463      5073
           2     0.7831    0.4605    0.5799      4830

    accuracy                         0.9354     69831
   macro avg     0.8670    0.7556    0.7970     69831
weighted avg     0.9304    0.9354    0.9296     69831

