2022-04-08 11:34:49: ---------------------dataset: BUPT-------------------------------------------------------------
2022-04-08 11:34:49: filterbanks: LP hidden: 2048 seed: 42 lr: 0.005 weight_decay: 0.0005 feat_drop: 0.03 attr_drop:0 self_loop:False hidden_channel:8
2022-04-08 11:34:50: Epoch 0: Train loss = 1.196978, Train acc = 17.88, Validation loss = 1.198674, Validation acc = 17.24 (1.125 sec)
2022-04-08 11:35:23: Epoch 100: Train loss = 0.199487, Train acc = 93.80, Validation loss = 0.237804, Validation acc = 93.35 (32.935 sec)
2022-04-08 11:35:52: Epoch 200: Train loss = 0.174686, Train acc = 94.66, Validation loss = 0.227037, Validation acc = 93.65 (29.081 sec)
2022-04-08 11:36:19: Epoch 300: Train loss = 0.150994, Train acc = 95.26, Validation loss = 0.219412, Validation acc = 94.06 (26.938 sec)
2022-04-08 11:36:46: Epoch 400: Train loss = 0.161826, Train acc = 94.74, Validation loss = 0.241978, Validation acc = 93.71 (26.876 sec)
2022-04-08 11:37:13: Test weighted F1: 93.73%   Test accuracy: 94.14%
2022-04-08 11:37:20: ---------------------dataset: BUPT-------------------------------------------------------------
2022-04-08 11:37:20: filterbanks: LP hidden: 2048 seed: 42 lr: 0.005 weight_decay: 0.0005 feat_drop: 0.03 attr_drop:0 self_loop:False hidden_channel:8
2022-04-08 11:37:21: Epoch 0: Train loss = 1.196978, Train acc = 17.88, Validation loss = 1.198674, Validation acc = 17.24 (0.967 sec)
2022-04-08 11:37:54: Epoch 100: Train loss = 0.200155, Train acc = 93.77, Validation loss = 0.239246, Validation acc = 93.43 (32.900 sec)
2022-04-08 11:38:24: Epoch 200: Train loss = 0.197436, Train acc = 93.95, Validation loss = 0.248650, Validation acc = 93.26 (29.608 sec)
2022-04-08 11:38:51: Epoch 300: Train loss = 0.248814, Train acc = 93.99, Validation loss = 0.350278, Validation acc = 93.09 (27.602 sec)
2022-04-08 11:39:18: Epoch 400: Train loss = 0.153871, Train acc = 95.16, Validation loss = 0.216509, Validation acc = 94.06 (26.588 sec)
2022-04-08 11:39:45: Test weighted F1: 93.56%   Test accuracy: 94.12%
2022-04-08 11:39:52: ---------------------dataset: BUPT-------------------------------------------------------------
2022-04-08 11:39:52: filterbanks: LP hidden: 2048 seed: 42 lr: 0.005 weight_decay: 0.0005 feat_drop: 0.03 attr_drop:0 self_loop:False hidden_channel:8
2022-04-08 11:39:53: Epoch 0: Train loss = 1.196978, Train acc = 17.88, Validation loss = 1.198674, Validation acc = 17.24 (0.997 sec)
2022-04-08 11:40:26: Epoch 100: Train loss = 0.202155, Train acc = 93.70, Validation loss = 0.239545, Validation acc = 93.33 (32.578 sec)
2022-04-08 11:40:55: Epoch 200: Train loss = 0.191535, Train acc = 93.76, Validation loss = 0.239507, Validation acc = 93.21 (28.814 sec)
2022-04-08 11:41:23: Epoch 300: Train loss = 0.199959, Train acc = 94.29, Validation loss = 0.290180, Validation acc = 93.36 (28.137 sec)
2022-04-08 11:41:50: Epoch 400: Train loss = 0.152292, Train acc = 95.17, Validation loss = 0.229944, Validation acc = 94.04 (26.996 sec)
2022-04-08 11:42:17: Test weighted F1: 93.72%   Test accuracy: 94.13%
2022-04-08 12:17:36: ---------------------dataset: BUPT-------------------------------------------------------------
2022-04-08 12:17:36: filterbanks: LP hidden: 2048 seed: 42 lr: 0.005 weight_decay: 0.0005 feat_drop: 0 attr_drop:0 self_loop:False hidden_channel:8
2022-04-08 12:17:37: Epoch 0: Train loss = 1.077820, Train acc = 41.04, Validation loss = 1.080914, Validation acc = 40.60 (0.867 sec)
2022-04-08 12:17:54: Epoch 100: Train loss = 0.222892, Train acc = 92.83, Validation loss = 0.238717, Validation acc = 92.45 (17.173 sec)
2022-04-08 12:18:16: Epoch 200: Train loss = 0.194120, Train acc = 93.71, Validation loss = 0.219673, Validation acc = 93.17 (22.631 sec)
2022-04-08 12:18:30: Epoch 300: Train loss = 0.175242, Train acc = 94.41, Validation loss = 0.211193, Validation acc = 93.57 (13.743 sec)
2022-04-08 12:18:41: Epoch 400: Train loss = 0.164534, Train acc = 94.63, Validation loss = 0.205502, Validation acc = 93.78 (10.577 sec)
2022-04-08 12:18:51: Test weighted F1: 93.61%   Test accuracy: 94.08%
2022-04-08 12:18:58: ---------------------dataset: BUPT-------------------------------------------------------------
2022-04-08 12:18:58: filterbanks: LP hidden: 2048 seed: 42 lr: 0.005 weight_decay: 0.0005 feat_drop: 0 attr_drop:0 self_loop:False hidden_channel:8
2022-04-08 12:18:59: Epoch 0: Train loss = 1.077820, Train acc = 41.04, Validation loss = 1.080914, Validation acc = 40.60 (0.915 sec)
2022-04-08 12:19:16: Epoch 100: Train loss = 0.222892, Train acc = 92.83, Validation loss = 0.238717, Validation acc = 92.45 (17.189 sec)
2022-04-08 12:19:39: Epoch 200: Train loss = 0.193333, Train acc = 93.83, Validation loss = 0.218937, Validation acc = 93.19 (23.350 sec)
2022-04-08 12:19:53: Epoch 300: Train loss = 0.175710, Train acc = 94.39, Validation loss = 0.210311, Validation acc = 93.72 (13.778 sec)
2022-04-08 12:20:03: Epoch 400: Train loss = 0.167308, Train acc = 94.68, Validation loss = 0.207239, Validation acc = 93.80 (10.295 sec)
2022-04-08 12:20:15: Test weighted F1: 93.68%   Test accuracy: 94.11%
2022-04-08 12:20:22: ---------------------dataset: BUPT-------------------------------------------------------------
2022-04-08 12:20:22: filterbanks: LP hidden: 2048 seed: 42 lr: 0.005 weight_decay: 0.0005 feat_drop: 0 attr_drop:0 self_loop:False hidden_channel:8
2022-04-08 12:20:23: Epoch 0: Train loss = 1.077820, Train acc = 41.04, Validation loss = 1.080914, Validation acc = 40.60 (0.821 sec)
2022-04-08 12:20:40: Epoch 100: Train loss = 0.222892, Train acc = 92.83, Validation loss = 0.238716, Validation acc = 92.44 (17.503 sec)
2022-04-08 12:21:03: Epoch 200: Train loss = 0.195423, Train acc = 93.60, Validation loss = 0.220811, Validation acc = 93.11 (23.161 sec)
2022-04-08 12:21:17: Epoch 300: Train loss = 0.176267, Train acc = 94.37, Validation loss = 0.210872, Validation acc = 93.60 (13.779 sec)
2022-04-08 12:21:27: Epoch 400: Train loss = 0.165004, Train acc = 94.72, Validation loss = 0.205442, Validation acc = 93.96 (10.112 sec)
2022-04-08 12:21:37: Test weighted F1: 93.66%   Test accuracy: 94.08%
2022-04-08 12:27:44: ---------------------dataset: BUPT-------------------------------------------------------------
2022-04-08 12:27:44: filterbanks: LP hidden: 2048 seed: 42 lr: 0.005 weight_decay: 0.0005 feat_drop: 0 attr_drop:0 self_loop:False hidden_channel:8
2022-04-08 12:27:45: Epoch 0: Train loss = 1.197570, Train acc = 17.67, Validation loss = 1.198674, Validation acc = 17.24 (0.979 sec)
2022-04-08 12:28:19: Epoch 100: Train loss = 0.233875, Train acc = 93.06, Validation loss = 0.276127, Validation acc = 92.49 (34.629 sec)
2022-04-08 12:28:50: Epoch 200: Train loss = 0.175743, Train acc = 94.71, Validation loss = 0.233316, Validation acc = 93.59 (30.451 sec)
2022-04-08 12:29:17: Epoch 300: Train loss = 0.183718, Train acc = 94.39, Validation loss = 0.246368, Validation acc = 93.31 (26.730 sec)
2022-04-08 12:29:43: Epoch 400: Train loss = 0.137674, Train acc = 95.72, Validation loss = 0.226746, Validation acc = 93.95 (26.708 sec)
2022-04-08 12:30:10: Test weighted F1: 93.54%   Test accuracy: 93.99%
2022-04-08 12:30:17: ---------------------dataset: BUPT-------------------------------------------------------------
2022-04-08 12:30:17: filterbanks: LP hidden: 2048 seed: 42 lr: 0.005 weight_decay: 0.0005 feat_drop: 0 attr_drop:0 self_loop:False hidden_channel:8
2022-04-08 12:30:18: Epoch 0: Train loss = 1.197570, Train acc = 17.67, Validation loss = 1.198674, Validation acc = 17.24 (0.917 sec)
2022-04-08 12:30:53: Epoch 100: Train loss = 0.228041, Train acc = 93.09, Validation loss = 0.268979, Validation acc = 92.46 (34.733 sec)
2022-04-08 12:31:22: Epoch 200: Train loss = 0.168660, Train acc = 94.77, Validation loss = 0.231264, Validation acc = 93.49 (29.770 sec)
2022-04-08 12:31:50: Epoch 300: Train loss = 0.159989, Train acc = 95.02, Validation loss = 0.228091, Validation acc = 93.71 (27.883 sec)
2022-04-08 12:32:16: Epoch 400: Train loss = 0.152142, Train acc = 95.39, Validation loss = 0.232367, Validation acc = 93.75 (25.924 sec)
2022-04-08 12:32:42: Test weighted F1: 93.60%   Test accuracy: 94.02%
2022-04-08 12:32:49: ---------------------dataset: BUPT-------------------------------------------------------------
2022-04-08 12:32:49: filterbanks: LP hidden: 2048 seed: 42 lr: 0.005 weight_decay: 0.0005 feat_drop: 0 attr_drop:0 self_loop:False hidden_channel:8
2022-04-08 12:32:50: Epoch 0: Train loss = 1.197570, Train acc = 17.67, Validation loss = 1.198674, Validation acc = 17.24 (1.001 sec)
2022-04-08 12:33:22: Epoch 100: Train loss = 0.187409, Train acc = 94.32, Validation loss = 0.241751, Validation acc = 93.37 (32.255 sec)
2022-04-08 12:33:51: Epoch 200: Train loss = 0.146809, Train acc = 95.51, Validation loss = 0.227107, Validation acc = 93.72 (28.176 sec)
2022-04-08 12:34:17: Epoch 300: Train loss = 0.139655, Train acc = 95.72, Validation loss = 0.223361, Validation acc = 93.84 (26.434 sec)
2022-04-08 12:34:43: Epoch 400: Train loss = 0.154786, Train acc = 94.90, Validation loss = 0.264099, Validation acc = 93.53 (26.293 sec)
2022-04-08 12:35:10: Test weighted F1: 93.62%   Test accuracy: 94.06%
2022-04-08 12:36:48: ---------------------dataset: BUPT-------------------------------------------------------------
2022-04-08 12:36:48: filterbanks: LP hidden: 2048 seed: 42 lr: 0.005 weight_decay: 0.0005 feat_drop: 0.03 attr_drop:0 self_loop:False hidden_channel:8
2022-04-08 12:36:49: Epoch 0: Train loss = 1.198321, Train acc = 17.54, Validation loss = 1.198674, Validation acc = 17.24 (0.998 sec)
2022-04-08 12:37:20: Epoch 100: Train loss = 0.234483, Train acc = 93.54, Validation loss = 0.299191, Validation acc = 92.82 (30.750 sec)
2022-04-08 12:37:50: Epoch 200: Train loss = 0.167240, Train acc = 95.01, Validation loss = 0.233601, Validation acc = 93.72 (30.032 sec)
2022-04-08 12:38:18: Epoch 300: Train loss = 0.144200, Train acc = 95.46, Validation loss = 0.219748, Validation acc = 93.83 (27.355 sec)
2022-04-08 12:38:44: Epoch 400: Train loss = 0.150552, Train acc = 95.16, Validation loss = 0.252147, Validation acc = 93.82 (26.720 sec)
2022-04-08 12:39:11: Test weighted F1: 93.57%   Test accuracy: 94.00%
2022-04-08 12:39:17: ---------------------dataset: BUPT-------------------------------------------------------------
2022-04-08 12:39:17: filterbanks: LP hidden: 2048 seed: 42 lr: 0.005 weight_decay: 0.0005 feat_drop: 0.03 attr_drop:0 self_loop:False hidden_channel:8
2022-04-08 12:39:18: Epoch 0: Train loss = 1.198321, Train acc = 17.54, Validation loss = 1.198674, Validation acc = 17.24 (0.960 sec)
2022-04-08 12:39:48: Epoch 100: Train loss = 0.266244, Train acc = 93.38, Validation loss = 0.335592, Validation acc = 92.80 (29.740 sec)
2022-04-08 12:40:17: Epoch 200: Train loss = 0.155863, Train acc = 95.20, Validation loss = 0.226047, Validation acc = 93.79 (29.059 sec)
2022-04-08 12:40:45: Epoch 300: Train loss = 0.142299, Train acc = 95.41, Validation loss = 0.222880, Validation acc = 93.96 (27.476 sec)
2022-04-08 12:41:12: Epoch 400: Train loss = 0.132613, Train acc = 95.71, Validation loss = 0.226328, Validation acc = 94.02 (27.157 sec)
2022-04-08 12:41:38: Test weighted F1: 93.51%   Test accuracy: 94.01%
2022-04-08 12:41:45: ---------------------dataset: BUPT-------------------------------------------------------------
2022-04-08 12:41:45: filterbanks: LP hidden: 2048 seed: 42 lr: 0.005 weight_decay: 0.0005 feat_drop: 0.03 attr_drop:0 self_loop:False hidden_channel:8
2022-04-08 12:41:46: Epoch 0: Train loss = 1.198321, Train acc = 17.54, Validation loss = 1.198674, Validation acc = 17.24 (1.133 sec)
2022-04-08 12:42:16: Epoch 100: Train loss = 0.276963, Train acc = 92.71, Validation loss = 0.339177, Validation acc = 92.01 (29.960 sec)
2022-04-08 12:42:45: Epoch 200: Train loss = 0.158063, Train acc = 95.11, Validation loss = 0.226470, Validation acc = 93.77 (28.191 sec)
2022-04-08 12:43:13: Epoch 300: Train loss = 0.141290, Train acc = 95.51, Validation loss = 0.219864, Validation acc = 93.96 (28.406 sec)
2022-04-08 12:43:39: Epoch 400: Train loss = 0.135318, Train acc = 95.75, Validation loss = 0.224318, Validation acc = 93.75 (26.302 sec)
2022-04-08 12:44:06: Test weighted F1: 93.54%   Test accuracy: 94.04%
2022-04-08 12:49:47: ---------------------dataset: BUPT-------------------------------------------------------------
2022-04-08 12:49:47: filterbanks: LP hidden: 2048 seed: 42 lr: 0.005 weight_decay: 0.0005 feat_drop: 0.1 attr_drop:0 self_loop:False hidden_channel:8
2022-04-08 12:49:47: Epoch 0: Train loss = 1.196674, Train acc = 18.41, Validation loss = 1.198674, Validation acc = 17.24 (0.841 sec)
2022-04-08 12:50:19: Epoch 100: Train loss = 0.226205, Train acc = 93.02, Validation loss = 0.255578, Validation acc = 92.76 (31.249 sec)
2022-04-08 12:50:50: Epoch 200: Train loss = 0.185631, Train acc = 94.42, Validation loss = 0.227401, Validation acc = 93.77 (30.775 sec)
2022-04-08 12:51:16: Epoch 300: Train loss = 0.170513, Train acc = 94.67, Validation loss = 0.222954, Validation acc = 93.99 (26.937 sec)
2022-04-08 12:51:43: Epoch 400: Train loss = 0.151703, Train acc = 95.06, Validation loss = 0.214078, Validation acc = 94.02 (26.124 sec)
2022-04-08 12:52:09: Test weighted F1: 93.66%   Test accuracy: 94.14%
2022-04-08 12:52:16: ---------------------dataset: BUPT-------------------------------------------------------------
2022-04-08 12:52:16: filterbanks: LP hidden: 2048 seed: 42 lr: 0.005 weight_decay: 0.0005 feat_drop: 0.1 attr_drop:0 self_loop:False hidden_channel:8
2022-04-08 12:52:17: Epoch 0: Train loss = 1.196674, Train acc = 18.41, Validation loss = 1.198674, Validation acc = 17.24 (0.895 sec)
